{"C:\\github\\react-native-pepperfry\\App.js": {"path":"C:\\github\\react-native-pepperfry\\App.js","statementMap":{"0":{"start":{"line":7,"column":2},"end":{"line":15,"column":4}}},"fnMap":{"0":{"name":"App","decl":{"start":{"line":6,"column":24},"end":{"line":6,"column":27}},"loc":{"start":{"line":6,"column":30},"end":{"line":16,"column":1}},"line":6}},"branchMap":{"0":{"loc":{"start":{"line":9,"column":22},"end":{"line":9,"column":71}},"type":"cond-expr","locations":[{"start":{"line":9,"column":55},"end":{"line":9,"column":61}},{"start":{"line":9,"column":64},"end":{"line":9,"column":71}}],"line":9}},"s":{"0":0},"f":{"0":0},"b":{"0":[0,0]}}
,"C:\\github\\react-native-pepperfry\\firebase.js": {"path":"C:\\github\\react-native-pepperfry\\firebase.js","statementMap":{"0":{"start":{"line":4,"column":23},"end":{"line":12,"column":1}},"1":{"start":{"line":13,"column":0},"end":{"line":15,"column":1}},"2":{"start":{"line":14,"column":4},"end":{"line":14,"column":42}}},"fnMap":{},"branchMap":{"0":{"loc":{"start":{"line":13,"column":0},"end":{"line":15,"column":1}},"type":"if","locations":[{"start":{"line":13,"column":0},"end":{"line":15,"column":1}},{"start":{},"end":{}}],"line":13}},"s":{"0":0,"1":0,"2":0},"f":{},"b":{"0":[0,0]}}
,"C:\\github\\react-native-pepperfry\\.expo\\metro\\polyfill.js": {"path":"C:\\github\\react-native-pepperfry\\.expo\\metro\\polyfill.js","statementMap":{"0":{"start":{"line":1,"column":0},"end":{"line":1,"column":81}},"1":{"start":{"line":1,"column":76},"end":{"line":1,"column":80}}},"fnMap":{"0":{"name":"(anonymous_0)","decl":{"start":{"line":1,"column":70},"end":{"line":1,"column":71}},"loc":{"start":{"line":1,"column":76},"end":{"line":1,"column":80}},"line":1}},"branchMap":{"0":{"loc":{"start":{"line":1,"column":28},"end":{"line":1,"column":80}},"type":"cond-expr","locations":[{"start":{"line":1,"column":60},"end":{"line":1,"column":67}},{"start":{"line":1,"column":70},"end":{"line":1,"column":80}}],"line":1}},"s":{"0":0,"1":0},"f":{"0":0},"b":{"0":[0,0]}}
,"C:\\github\\react-native-pepperfry\\.expo\\metro\\polyfill.native.js": {"path":"C:\\github\\react-native-pepperfry\\.expo\\metro\\polyfill.native.js","statementMap":{"0":{"start":{"line":1,"column":0},"end":{"line":1,"column":155}},"1":{"start":{"line":1,"column":43},"end":{"line":1,"column":154}}},"fnMap":{"0":{"name":"(anonymous_0)","decl":{"start":{"line":1,"column":28},"end":{"line":1,"column":29}},"loc":{"start":{"line":1,"column":42},"end":{"line":1,"column":155}},"line":1}},"branchMap":{},"s":{"0":0,"1":0},"f":{"0":0},"b":{}}
,"C:\\github\\react-native-pepperfry\\.expo\\metro\\externals\\assert\\index.js": {"path":"C:\\github\\react-native-pepperfry\\.expo\\metro\\externals\\assert\\index.js","statementMap":{"0":{"start":{"line":1,"column":0},"end":{"line":1,"column":51}}},"fnMap":{},"branchMap":{},"s":{"0":0},"f":{},"b":{}}
,"C:\\github\\react-native-pepperfry\\.expo\\metro\\externals\\async_hooks\\index.js": {"path":"C:\\github\\react-native-pepperfry\\.expo\\metro\\externals\\async_hooks\\index.js","statementMap":{"0":{"start":{"line":1,"column":0},"end":{"line":1,"column":56}}},"fnMap":{},"branchMap":{},"s":{"0":0},"f":{},"b":{}}
,"C:\\github\\react-native-pepperfry\\.expo\\metro\\externals\\buffer\\index.js": {"path":"C:\\github\\react-native-pepperfry\\.expo\\metro\\externals\\buffer\\index.js","statementMap":{"0":{"start":{"line":1,"column":0},"end":{"line":1,"column":51}}},"fnMap":{},"branchMap":{},"s":{"0":0},"f":{},"b":{}}
,"C:\\github\\react-native-pepperfry\\.expo\\metro\\externals\\child_process\\index.js": {"path":"C:\\github\\react-native-pepperfry\\.expo\\metro\\externals\\child_process\\index.js","statementMap":{"0":{"start":{"line":1,"column":0},"end":{"line":1,"column":58}}},"fnMap":{},"branchMap":{},"s":{"0":0},"f":{},"b":{}}
,"C:\\github\\react-native-pepperfry\\.expo\\metro\\externals\\cluster\\index.js": {"path":"C:\\github\\react-native-pepperfry\\.expo\\metro\\externals\\cluster\\index.js","statementMap":{"0":{"start":{"line":1,"column":0},"end":{"line":1,"column":52}}},"fnMap":{},"branchMap":{},"s":{"0":0},"f":{},"b":{}}
,"C:\\github\\react-native-pepperfry\\.expo\\metro\\externals\\console\\index.js": {"path":"C:\\github\\react-native-pepperfry\\.expo\\metro\\externals\\console\\index.js","statementMap":{"0":{"start":{"line":1,"column":0},"end":{"line":1,"column":52}}},"fnMap":{},"branchMap":{},"s":{"0":0},"f":{},"b":{}}
,"C:\\github\\react-native-pepperfry\\.expo\\metro\\externals\\constants\\index.js": {"path":"C:\\github\\react-native-pepperfry\\.expo\\metro\\externals\\constants\\index.js","statementMap":{"0":{"start":{"line":1,"column":0},"end":{"line":1,"column":54}}},"fnMap":{},"branchMap":{},"s":{"0":0},"f":{},"b":{}}
,"C:\\github\\react-native-pepperfry\\.expo\\metro\\externals\\crypto\\index.js": {"path":"C:\\github\\react-native-pepperfry\\.expo\\metro\\externals\\crypto\\index.js","statementMap":{"0":{"start":{"line":1,"column":0},"end":{"line":1,"column":51}}},"fnMap":{},"branchMap":{},"s":{"0":0},"f":{},"b":{}}
,"C:\\github\\react-native-pepperfry\\.expo\\metro\\externals\\dgram\\index.js": {"path":"C:\\github\\react-native-pepperfry\\.expo\\metro\\externals\\dgram\\index.js","statementMap":{"0":{"start":{"line":1,"column":0},"end":{"line":1,"column":50}}},"fnMap":{},"branchMap":{},"s":{"0":0},"f":{},"b":{}}
,"C:\\github\\react-native-pepperfry\\.expo\\metro\\externals\\diagnostics_channel\\index.js": {"path":"C:\\github\\react-native-pepperfry\\.expo\\metro\\externals\\diagnostics_channel\\index.js","statementMap":{"0":{"start":{"line":1,"column":0},"end":{"line":1,"column":64}}},"fnMap":{},"branchMap":{},"s":{"0":0},"f":{},"b":{}}
,"C:\\github\\react-native-pepperfry\\.expo\\metro\\externals\\dns\\index.js": {"path":"C:\\github\\react-native-pepperfry\\.expo\\metro\\externals\\dns\\index.js","statementMap":{"0":{"start":{"line":1,"column":0},"end":{"line":1,"column":48}}},"fnMap":{},"branchMap":{},"s":{"0":0},"f":{},"b":{}}
,"C:\\github\\react-native-pepperfry\\.expo\\metro\\externals\\domain\\index.js": {"path":"C:\\github\\react-native-pepperfry\\.expo\\metro\\externals\\domain\\index.js","statementMap":{"0":{"start":{"line":1,"column":0},"end":{"line":1,"column":51}}},"fnMap":{},"branchMap":{},"s":{"0":0},"f":{},"b":{}}
,"C:\\github\\react-native-pepperfry\\.expo\\metro\\externals\\events\\index.js": {"path":"C:\\github\\react-native-pepperfry\\.expo\\metro\\externals\\events\\index.js","statementMap":{"0":{"start":{"line":1,"column":0},"end":{"line":1,"column":51}}},"fnMap":{},"branchMap":{},"s":{"0":0},"f":{},"b":{}}
,"C:\\github\\react-native-pepperfry\\.expo\\metro\\externals\\fs\\index.js": {"path":"C:\\github\\react-native-pepperfry\\.expo\\metro\\externals\\fs\\index.js","statementMap":{"0":{"start":{"line":1,"column":0},"end":{"line":1,"column":47}}},"fnMap":{},"branchMap":{},"s":{"0":0},"f":{},"b":{}}
,"C:\\github\\react-native-pepperfry\\.expo\\metro\\externals\\fs\\promises\\index.js": {"path":"C:\\github\\react-native-pepperfry\\.expo\\metro\\externals\\fs\\promises\\index.js","statementMap":{"0":{"start":{"line":1,"column":0},"end":{"line":1,"column":56}}},"fnMap":{},"branchMap":{},"s":{"0":0},"f":{},"b":{}}
,"C:\\github\\react-native-pepperfry\\.expo\\metro\\externals\\http\\index.js": {"path":"C:\\github\\react-native-pepperfry\\.expo\\metro\\externals\\http\\index.js","statementMap":{"0":{"start":{"line":1,"column":0},"end":{"line":1,"column":49}}},"fnMap":{},"branchMap":{},"s":{"0":0},"f":{},"b":{}}
,"C:\\github\\react-native-pepperfry\\.expo\\metro\\externals\\http2\\index.js": {"path":"C:\\github\\react-native-pepperfry\\.expo\\metro\\externals\\http2\\index.js","statementMap":{"0":{"start":{"line":1,"column":0},"end":{"line":1,"column":50}}},"fnMap":{},"branchMap":{},"s":{"0":0},"f":{},"b":{}}
,"C:\\github\\react-native-pepperfry\\.expo\\metro\\externals\\https\\index.js": {"path":"C:\\github\\react-native-pepperfry\\.expo\\metro\\externals\\https\\index.js","statementMap":{"0":{"start":{"line":1,"column":0},"end":{"line":1,"column":50}}},"fnMap":{},"branchMap":{},"s":{"0":0},"f":{},"b":{}}
,"C:\\github\\react-native-pepperfry\\.expo\\metro\\externals\\inspector\\index.js": {"path":"C:\\github\\react-native-pepperfry\\.expo\\metro\\externals\\inspector\\index.js","statementMap":{"0":{"start":{"line":1,"column":0},"end":{"line":1,"column":54}}},"fnMap":{},"branchMap":{},"s":{"0":0},"f":{},"b":{}}
,"C:\\github\\react-native-pepperfry\\.expo\\metro\\externals\\module\\index.js": {"path":"C:\\github\\react-native-pepperfry\\.expo\\metro\\externals\\module\\index.js","statementMap":{"0":{"start":{"line":1,"column":0},"end":{"line":1,"column":51}}},"fnMap":{},"branchMap":{},"s":{"0":0},"f":{},"b":{}}
,"C:\\github\\react-native-pepperfry\\.expo\\metro\\externals\\net\\index.js": {"path":"C:\\github\\react-native-pepperfry\\.expo\\metro\\externals\\net\\index.js","statementMap":{"0":{"start":{"line":1,"column":0},"end":{"line":1,"column":48}}},"fnMap":{},"branchMap":{},"s":{"0":0},"f":{},"b":{}}
,"C:\\github\\react-native-pepperfry\\.expo\\metro\\externals\\os\\index.js": {"path":"C:\\github\\react-native-pepperfry\\.expo\\metro\\externals\\os\\index.js","statementMap":{"0":{"start":{"line":1,"column":0},"end":{"line":1,"column":47}}},"fnMap":{},"branchMap":{},"s":{"0":0},"f":{},"b":{}}
,"C:\\github\\react-native-pepperfry\\.expo\\metro\\externals\\path\\index.js": {"path":"C:\\github\\react-native-pepperfry\\.expo\\metro\\externals\\path\\index.js","statementMap":{"0":{"start":{"line":1,"column":0},"end":{"line":1,"column":49}}},"fnMap":{},"branchMap":{},"s":{"0":0},"f":{},"b":{}}
,"C:\\github\\react-native-pepperfry\\.expo\\metro\\externals\\perf_hooks\\index.js": {"path":"C:\\github\\react-native-pepperfry\\.expo\\metro\\externals\\perf_hooks\\index.js","statementMap":{"0":{"start":{"line":1,"column":0},"end":{"line":1,"column":55}}},"fnMap":{},"branchMap":{},"s":{"0":0},"f":{},"b":{}}
,"C:\\github\\react-native-pepperfry\\.expo\\metro\\externals\\process\\index.js": {"path":"C:\\github\\react-native-pepperfry\\.expo\\metro\\externals\\process\\index.js","statementMap":{"0":{"start":{"line":1,"column":0},"end":{"line":1,"column":52}}},"fnMap":{},"branchMap":{},"s":{"0":0},"f":{},"b":{}}
,"C:\\github\\react-native-pepperfry\\.expo\\metro\\externals\\punycode\\index.js": {"path":"C:\\github\\react-native-pepperfry\\.expo\\metro\\externals\\punycode\\index.js","statementMap":{"0":{"start":{"line":1,"column":0},"end":{"line":1,"column":53}}},"fnMap":{},"branchMap":{},"s":{"0":0},"f":{},"b":{}}
,"C:\\github\\react-native-pepperfry\\.expo\\metro\\externals\\querystring\\index.js": {"path":"C:\\github\\react-native-pepperfry\\.expo\\metro\\externals\\querystring\\index.js","statementMap":{"0":{"start":{"line":1,"column":0},"end":{"line":1,"column":56}}},"fnMap":{},"branchMap":{},"s":{"0":0},"f":{},"b":{}}
,"C:\\github\\react-native-pepperfry\\.expo\\metro\\externals\\readline\\index.js": {"path":"C:\\github\\react-native-pepperfry\\.expo\\metro\\externals\\readline\\index.js","statementMap":{"0":{"start":{"line":1,"column":0},"end":{"line":1,"column":53}}},"fnMap":{},"branchMap":{},"s":{"0":0},"f":{},"b":{}}
,"C:\\github\\react-native-pepperfry\\.expo\\metro\\externals\\repl\\index.js": {"path":"C:\\github\\react-native-pepperfry\\.expo\\metro\\externals\\repl\\index.js","statementMap":{"0":{"start":{"line":1,"column":0},"end":{"line":1,"column":49}}},"fnMap":{},"branchMap":{},"s":{"0":0},"f":{},"b":{}}
,"C:\\github\\react-native-pepperfry\\.expo\\metro\\externals\\stream\\index.js": {"path":"C:\\github\\react-native-pepperfry\\.expo\\metro\\externals\\stream\\index.js","statementMap":{"0":{"start":{"line":1,"column":0},"end":{"line":1,"column":51}}},"fnMap":{},"branchMap":{},"s":{"0":0},"f":{},"b":{}}
,"C:\\github\\react-native-pepperfry\\.expo\\metro\\externals\\string_decoder\\index.js": {"path":"C:\\github\\react-native-pepperfry\\.expo\\metro\\externals\\string_decoder\\index.js","statementMap":{"0":{"start":{"line":1,"column":0},"end":{"line":1,"column":59}}},"fnMap":{},"branchMap":{},"s":{"0":0},"f":{},"b":{}}
,"C:\\github\\react-native-pepperfry\\.expo\\metro\\externals\\timers\\index.js": {"path":"C:\\github\\react-native-pepperfry\\.expo\\metro\\externals\\timers\\index.js","statementMap":{"0":{"start":{"line":1,"column":0},"end":{"line":1,"column":51}}},"fnMap":{},"branchMap":{},"s":{"0":0},"f":{},"b":{}}
,"C:\\github\\react-native-pepperfry\\.expo\\metro\\externals\\tls\\index.js": {"path":"C:\\github\\react-native-pepperfry\\.expo\\metro\\externals\\tls\\index.js","statementMap":{"0":{"start":{"line":1,"column":0},"end":{"line":1,"column":48}}},"fnMap":{},"branchMap":{},"s":{"0":0},"f":{},"b":{}}
,"C:\\github\\react-native-pepperfry\\.expo\\metro\\externals\\trace_events\\index.js": {"path":"C:\\github\\react-native-pepperfry\\.expo\\metro\\externals\\trace_events\\index.js","statementMap":{"0":{"start":{"line":1,"column":0},"end":{"line":1,"column":57}}},"fnMap":{},"branchMap":{},"s":{"0":0},"f":{},"b":{}}
,"C:\\github\\react-native-pepperfry\\.expo\\metro\\externals\\tty\\index.js": {"path":"C:\\github\\react-native-pepperfry\\.expo\\metro\\externals\\tty\\index.js","statementMap":{"0":{"start":{"line":1,"column":0},"end":{"line":1,"column":48}}},"fnMap":{},"branchMap":{},"s":{"0":0},"f":{},"b":{}}
,"C:\\github\\react-native-pepperfry\\.expo\\metro\\externals\\url\\index.js": {"path":"C:\\github\\react-native-pepperfry\\.expo\\metro\\externals\\url\\index.js","statementMap":{"0":{"start":{"line":1,"column":0},"end":{"line":1,"column":48}}},"fnMap":{},"branchMap":{},"s":{"0":0},"f":{},"b":{}}
,"C:\\github\\react-native-pepperfry\\.expo\\metro\\externals\\util\\index.js": {"path":"C:\\github\\react-native-pepperfry\\.expo\\metro\\externals\\util\\index.js","statementMap":{"0":{"start":{"line":1,"column":0},"end":{"line":1,"column":49}}},"fnMap":{},"branchMap":{},"s":{"0":0},"f":{},"b":{}}
,"C:\\github\\react-native-pepperfry\\.expo\\metro\\externals\\v8\\index.js": {"path":"C:\\github\\react-native-pepperfry\\.expo\\metro\\externals\\v8\\index.js","statementMap":{"0":{"start":{"line":1,"column":0},"end":{"line":1,"column":47}}},"fnMap":{},"branchMap":{},"s":{"0":0},"f":{},"b":{}}
,"C:\\github\\react-native-pepperfry\\.expo\\metro\\externals\\vm\\index.js": {"path":"C:\\github\\react-native-pepperfry\\.expo\\metro\\externals\\vm\\index.js","statementMap":{"0":{"start":{"line":1,"column":0},"end":{"line":1,"column":47}}},"fnMap":{},"branchMap":{},"s":{"0":0},"f":{},"b":{}}
,"C:\\github\\react-native-pepperfry\\.expo\\metro\\externals\\wasi\\index.js": {"path":"C:\\github\\react-native-pepperfry\\.expo\\metro\\externals\\wasi\\index.js","statementMap":{"0":{"start":{"line":1,"column":0},"end":{"line":1,"column":49}}},"fnMap":{},"branchMap":{},"s":{"0":0},"f":{},"b":{}}
,"C:\\github\\react-native-pepperfry\\.expo\\metro\\externals\\worker_threads\\index.js": {"path":"C:\\github\\react-native-pepperfry\\.expo\\metro\\externals\\worker_threads\\index.js","statementMap":{"0":{"start":{"line":1,"column":0},"end":{"line":1,"column":59}}},"fnMap":{},"branchMap":{},"s":{"0":0},"f":{},"b":{}}
,"C:\\github\\react-native-pepperfry\\.expo\\metro\\externals\\zlib\\index.js": {"path":"C:\\github\\react-native-pepperfry\\.expo\\metro\\externals\\zlib\\index.js","statementMap":{"0":{"start":{"line":1,"column":0},"end":{"line":1,"column":49}}},"fnMap":{},"branchMap":{},"s":{"0":0},"f":{},"b":{}}
,"C:\\github\\react-native-pepperfry\\.expo\\metro\\shims\\react-native-web\\dist\\cjs\\exports\\AppRegistry\\AppContainer.js": {"path":"C:\\github\\react-native-pepperfry\\.expo\\metro\\shims\\react-native-web\\dist\\cjs\\exports\\AppRegistry\\AppContainer.js","statementMap":{"0":{"start":{"line":5,"column":2},"end":{"line":5,"column":18}},"1":{"start":{"line":8,"column":0},"end":{"line":10,"column":1}},"2":{"start":{"line":9,"column":2},"end":{"line":9,"column":44}},"3":{"start":{"line":12,"column":0},"end":{"line":12,"column":30}},"4":{"start":{"line":13,"column":0},"end":{"line":13,"column":38}}},"fnMap":{"0":{"name":"AppContainer","decl":{"start":{"line":4,"column":9},"end":{"line":4,"column":21}},"loc":{"start":{"line":4,"column":36},"end":{"line":6,"column":1}},"line":4}},"branchMap":{"0":{"loc":{"start":{"line":8,"column":0},"end":{"line":10,"column":1}},"type":"if","locations":[{"start":{"line":8,"column":0},"end":{"line":10,"column":1}},{"start":{},"end":{}}],"line":8}},"s":{"0":0,"1":0,"2":0,"3":0,"4":0},"f":{"0":0},"b":{"0":[0,0]}}
,"C:\\github\\react-native-pepperfry\\.expo\\metro\\shims\\react-native-web\\dist\\cjs\\exports\\BackHandler\\index.js": {"path":"C:\\github\\react-native-pepperfry\\.expo\\metro\\shims\\react-native-web\\dist\\cjs\\exports\\BackHandler\\index.js","statementMap":{"0":{"start":{"line":3,"column":0},"end":{"line":3,"column":54}},"1":{"start":{"line":4,"column":18},"end":{"line":8,"column":3}},"2":{"start":{"line":6,"column":29},"end":{"line":6,"column":54}},"3":{"start":{"line":9,"column":13},"end":{"line":9,"column":24}},"4":{"start":{"line":10,"column":0},"end":{"line":10,"column":65}}},"fnMap":{"0":{"name":"emptyFunction","decl":{"start":{"line":2,"column":9},"end":{"line":2,"column":22}},"loc":{"start":{"line":2,"column":25},"end":{"line":2,"column":27}},"line":2},"1":{"name":"(anonymous_1)","decl":{"start":{"line":6,"column":22},"end":{"line":6,"column":23}},"loc":{"start":{"line":6,"column":29},"end":{"line":6,"column":54}},"line":6}},"branchMap":{},"s":{"0":0,"1":0,"2":0,"3":0,"4":0},"f":{"0":0,"1":0},"b":{}}
,"C:\\github\\react-native-pepperfry\\.expo\\metro\\shims\\react-native-web\\dist\\exports\\AppRegistry\\AppContainer.js": {"path":"C:\\github\\react-native-pepperfry\\.expo\\metro\\shims\\react-native-web\\dist\\exports\\AppRegistry\\AppContainer.js","statementMap":{"0":{"start":{"line":5,"column":2},"end":{"line":5,"column":18}},"1":{"start":{"line":8,"column":0},"end":{"line":10,"column":1}},"2":{"start":{"line":9,"column":2},"end":{"line":9,"column":44}}},"fnMap":{"0":{"name":"AppContainer","decl":{"start":{"line":4,"column":9},"end":{"line":4,"column":21}},"loc":{"start":{"line":4,"column":36},"end":{"line":6,"column":1}},"line":4}},"branchMap":{"0":{"loc":{"start":{"line":8,"column":0},"end":{"line":10,"column":1}},"type":"if","locations":[{"start":{"line":8,"column":0},"end":{"line":10,"column":1}},{"start":{},"end":{}}],"line":8}},"s":{"0":0,"1":0,"2":0},"f":{"0":0},"b":{"0":[0,0]}}
,"C:\\github\\react-native-pepperfry\\.expo\\metro\\shims\\react-native-web\\dist\\exports\\BackHandler\\index.js": {"path":"C:\\github\\react-native-pepperfry\\.expo\\metro\\shims\\react-native-web\\dist\\exports\\BackHandler\\index.js","statementMap":{"0":{"start":{"line":2,"column":18},"end":{"line":6,"column":1}},"1":{"start":{"line":4,"column":27},"end":{"line":4,"column":52}}},"fnMap":{"0":{"name":"emptyFunction","decl":{"start":{"line":1,"column":9},"end":{"line":1,"column":22}},"loc":{"start":{"line":1,"column":25},"end":{"line":1,"column":27}},"line":1},"1":{"name":"(anonymous_1)","decl":{"start":{"line":4,"column":20},"end":{"line":4,"column":21}},"loc":{"start":{"line":4,"column":27},"end":{"line":4,"column":52}},"line":4}},"branchMap":{},"s":{"0":0,"1":0},"f":{"0":0,"1":0},"b":{}}
,"C:\\github\\react-native-pepperfry\\Redux\\store.js": {"path":"C:\\github\\react-native-pepperfry\\Redux\\store.js","statementMap":{"0":{"start":{"line":3,"column":14},"end":{"line":3,"column":38}}},"fnMap":{},"branchMap":{},"s":{"0":0},"f":{},"b":{}}
,"C:\\github\\react-native-pepperfry\\Redux\\Actions\\Card1action.js": {"path":"C:\\github\\react-native-pepperfry\\Redux\\Actions\\Card1action.js","statementMap":{"0":{"start":{"line":2,"column":28},"end":{"line":6,"column":8}},"1":{"start":{"line":3,"column":4},"end":{"line":6,"column":6}}},"fnMap":{"0":{"name":"(anonymous_0)","decl":{"start":{"line":2,"column":28},"end":{"line":2,"column":29}},"loc":{"start":{"line":2,"column":43},"end":{"line":6,"column":8}},"line":2}},"branchMap":{},"s":{"0":1,"1":2},"f":{"0":2},"b":{},"_coverageSchema":"1a1c01bbd47fc00a2c39e90264f33305004495a9","hash":"5219ea69507964f20eadd81c79edefad156e5b0d"}
,"C:\\github\\react-native-pepperfry\\Redux\\Actions\\Card2action.js": {"path":"C:\\github\\react-native-pepperfry\\Redux\\Actions\\Card2action.js","statementMap":{"0":{"start":{"line":2,"column":28},"end":{"line":6,"column":8}},"1":{"start":{"line":3,"column":4},"end":{"line":6,"column":6}}},"fnMap":{"0":{"name":"(anonymous_0)","decl":{"start":{"line":2,"column":28},"end":{"line":2,"column":29}},"loc":{"start":{"line":2,"column":43},"end":{"line":6,"column":8}},"line":2}},"branchMap":{},"s":{"0":1,"1":2},"f":{"0":2},"b":{},"_coverageSchema":"1a1c01bbd47fc00a2c39e90264f33305004495a9","hash":"bc09b0b2db974cdd0d7a9690627796c2144c2ccf"}
,"C:\\github\\react-native-pepperfry\\Redux\\Actions\\Card3action.js": {"path":"C:\\github\\react-native-pepperfry\\Redux\\Actions\\Card3action.js","statementMap":{"0":{"start":{"line":2,"column":28},"end":{"line":6,"column":8}},"1":{"start":{"line":3,"column":4},"end":{"line":6,"column":6}}},"fnMap":{"0":{"name":"(anonymous_0)","decl":{"start":{"line":2,"column":28},"end":{"line":2,"column":29}},"loc":{"start":{"line":2,"column":43},"end":{"line":6,"column":8}},"line":2}},"branchMap":{},"s":{"0":0,"1":0},"f":{"0":0},"b":{}}
,"C:\\github\\react-native-pepperfry\\Redux\\Actions\\Slideraction.js": {"path":"C:\\github\\react-native-pepperfry\\Redux\\Actions\\Slideraction.js","statementMap":{"0":{"start":{"line":3,"column":29},"end":{"line":7,"column":8}},"1":{"start":{"line":4,"column":4},"end":{"line":7,"column":6}}},"fnMap":{"0":{"name":"(anonymous_0)","decl":{"start":{"line":3,"column":29},"end":{"line":3,"column":30}},"loc":{"start":{"line":3,"column":45},"end":{"line":7,"column":8}},"line":3}},"branchMap":{},"s":{"0":1,"1":3},"f":{"0":3},"b":{},"_coverageSchema":"1a1c01bbd47fc00a2c39e90264f33305004495a9","hash":"cf20dece98cc6be66baed05e1ae0e1afc4449257"}
,"C:\\github\\react-native-pepperfry\\Redux\\Actions\\Tokenaction.js": {"path":"C:\\github\\react-native-pepperfry\\Redux\\Actions\\Tokenaction.js","statementMap":{"0":{"start":{"line":2,"column":24},"end":{"line":5,"column":2}},"1":{"start":{"line":2,"column":35},"end":{"line":5,"column":1}}},"fnMap":{"0":{"name":"(anonymous_0)","decl":{"start":{"line":2,"column":24},"end":{"line":2,"column":25}},"loc":{"start":{"line":2,"column":35},"end":{"line":5,"column":1}},"line":2}},"branchMap":{},"s":{"0":0,"1":0},"f":{"0":0},"b":{}}
,"C:\\github\\react-native-pepperfry\\Redux\\Actions\\actionType.js": {"path":"C:\\github\\react-native-pepperfry\\Redux\\Actions\\actionType.js","statementMap":{"0":{"start":{"line":1,"column":25},"end":{"line":1,"column":36}},"1":{"start":{"line":2,"column":31},"end":{"line":2,"column":48}},"2":{"start":{"line":3,"column":30},"end":{"line":3,"column":46}},"3":{"start":{"line":4,"column":30},"end":{"line":4,"column":46}},"4":{"start":{"line":5,"column":30},"end":{"line":5,"column":46}}},"fnMap":{},"branchMap":{},"s":{"0":3,"1":3,"2":3,"3":3,"4":3},"f":{},"b":{},"_coverageSchema":"1a1c01bbd47fc00a2c39e90264f33305004495a9","hash":"3f0edb6fbd3c054818a82486d79cebce29adbbeb"}
,"C:\\github\\react-native-pepperfry\\Redux\\Api\\Commonapi.js": {"path":"C:\\github\\react-native-pepperfry\\Redux\\Api\\Commonapi.js","statementMap":{"0":{"start":{"line":1,"column":24},"end":{"line":1,"column":77}}},"fnMap":{},"branchMap":{},"s":{"0":3},"f":{},"b":{},"_coverageSchema":"1a1c01bbd47fc00a2c39e90264f33305004495a9","hash":"6a483ade2825e2c89f4829919b0b977fc7b8878a"}
,"C:\\github\\react-native-pepperfry\\Redux\\Api\\Getcard1data.js": {"path":"C:\\github\\react-native-pepperfry\\Redux\\Api\\Getcard1data.js","statementMap":{"0":{"start":{"line":3,"column":28},"end":{"line":12,"column":3}},"1":{"start":{"line":4,"column":4},"end":{"line":11,"column":5}},"2":{"start":{"line":5,"column":23},"end":{"line":5,"column":70}},"3":{"start":{"line":6,"column":23},"end":{"line":6,"column":36}},"4":{"start":{"line":7,"column":6},"end":{"line":8,"column":91}},"5":{"start":{"line":7,"column":31},"end":{"line":7,"column":41}},"6":{"start":{"line":8,"column":14},"end":{"line":8,"column":89}},"7":{"start":{"line":8,"column":57},"end":{"line":8,"column":86}},"8":{"start":{"line":10,"column":6},"end":{"line":10,"column":34}}},"fnMap":{"0":{"name":"(anonymous_0)","decl":{"start":{"line":3,"column":28},"end":{"line":3,"column":29}},"loc":{"start":{"line":3,"column":40},"end":{"line":12,"column":3}},"line":3},"1":{"name":"(anonymous_1)","decl":{"start":{"line":8,"column":47},"end":{"line":8,"column":48}},"loc":{"start":{"line":8,"column":57},"end":{"line":8,"column":86}},"line":8}},"branchMap":{"0":{"loc":{"start":{"line":7,"column":6},"end":{"line":8,"column":91}},"type":"if","locations":[{"start":{"line":7,"column":6},"end":{"line":8,"column":91}},{"start":{"line":8,"column":11},"end":{"line":8,"column":91}}],"line":7}},"s":{"0":1,"1":0,"2":0,"3":0,"4":0,"5":0,"6":0,"7":0,"8":0},"f":{"0":0,"1":0},"b":{"0":[0,0]},"_coverageSchema":"1a1c01bbd47fc00a2c39e90264f33305004495a9","hash":"b119486271f7d9854f71d768e824ca5d3b5831d4"}
,"C:\\github\\react-native-pepperfry\\Redux\\Api\\Getcard2data.js": {"path":"C:\\github\\react-native-pepperfry\\Redux\\Api\\Getcard2data.js","statementMap":{"0":{"start":{"line":3,"column":28},"end":{"line":12,"column":3}},"1":{"start":{"line":4,"column":4},"end":{"line":11,"column":5}},"2":{"start":{"line":5,"column":23},"end":{"line":5,"column":70}},"3":{"start":{"line":6,"column":23},"end":{"line":6,"column":36}},"4":{"start":{"line":7,"column":6},"end":{"line":8,"column":90}},"5":{"start":{"line":7,"column":31},"end":{"line":7,"column":41}},"6":{"start":{"line":8,"column":13},"end":{"line":8,"column":88}},"7":{"start":{"line":8,"column":56},"end":{"line":8,"column":85}},"8":{"start":{"line":10,"column":6},"end":{"line":10,"column":34}}},"fnMap":{"0":{"name":"(anonymous_0)","decl":{"start":{"line":3,"column":28},"end":{"line":3,"column":29}},"loc":{"start":{"line":3,"column":40},"end":{"line":12,"column":3}},"line":3},"1":{"name":"(anonymous_1)","decl":{"start":{"line":8,"column":46},"end":{"line":8,"column":47}},"loc":{"start":{"line":8,"column":56},"end":{"line":8,"column":85}},"line":8}},"branchMap":{"0":{"loc":{"start":{"line":7,"column":6},"end":{"line":8,"column":90}},"type":"if","locations":[{"start":{"line":7,"column":6},"end":{"line":8,"column":90}},{"start":{"line":8,"column":11},"end":{"line":8,"column":90}}],"line":7}},"s":{"0":1,"1":0,"2":0,"3":0,"4":0,"5":0,"6":0,"7":0,"8":0},"f":{"0":0,"1":0},"b":{"0":[0,0]},"_coverageSchema":"1a1c01bbd47fc00a2c39e90264f33305004495a9","hash":"2f15574e92438e553af50c7067617d9f7f024b5a"}
,"C:\\github\\react-native-pepperfry\\Redux\\Api\\Getcard3data.js": {"path":"C:\\github\\react-native-pepperfry\\Redux\\Api\\Getcard3data.js","statementMap":{"0":{"start":{"line":3,"column":28},"end":{"line":12,"column":3}},"1":{"start":{"line":4,"column":4},"end":{"line":11,"column":5}},"2":{"start":{"line":5,"column":23},"end":{"line":5,"column":70}},"3":{"start":{"line":6,"column":23},"end":{"line":6,"column":36}},"4":{"start":{"line":7,"column":6},"end":{"line":8,"column":91}},"5":{"start":{"line":7,"column":32},"end":{"line":7,"column":42}},"6":{"start":{"line":8,"column":14},"end":{"line":8,"column":89}},"7":{"start":{"line":8,"column":57},"end":{"line":8,"column":86}},"8":{"start":{"line":10,"column":6},"end":{"line":10,"column":34}}},"fnMap":{"0":{"name":"(anonymous_0)","decl":{"start":{"line":3,"column":28},"end":{"line":3,"column":29}},"loc":{"start":{"line":3,"column":40},"end":{"line":12,"column":3}},"line":3},"1":{"name":"(anonymous_1)","decl":{"start":{"line":8,"column":47},"end":{"line":8,"column":48}},"loc":{"start":{"line":8,"column":57},"end":{"line":8,"column":86}},"line":8}},"branchMap":{"0":{"loc":{"start":{"line":7,"column":6},"end":{"line":8,"column":91}},"type":"if","locations":[{"start":{"line":7,"column":6},"end":{"line":8,"column":91}},{"start":{"line":8,"column":12},"end":{"line":8,"column":91}}],"line":7}},"s":{"0":0,"1":0,"2":0,"3":0,"4":0,"5":0,"6":0,"7":0,"8":0},"f":{"0":0,"1":0},"b":{"0":[0,0]}}
,"C:\\github\\react-native-pepperfry\\Redux\\Api\\Getsliderdata.js": {"path":"C:\\github\\react-native-pepperfry\\Redux\\Api\\Getsliderdata.js","statementMap":{"0":{"start":{"line":3,"column":29},"end":{"line":12,"column":3}},"1":{"start":{"line":4,"column":4},"end":{"line":11,"column":5}},"2":{"start":{"line":5,"column":22},"end":{"line":5,"column":70}},"3":{"start":{"line":6,"column":23},"end":{"line":6,"column":36}},"4":{"start":{"line":7,"column":6},"end":{"line":8,"column":90}},"5":{"start":{"line":7,"column":31},"end":{"line":7,"column":41}},"6":{"start":{"line":8,"column":13},"end":{"line":8,"column":88}},"7":{"start":{"line":8,"column":56},"end":{"line":8,"column":85}},"8":{"start":{"line":10,"column":6},"end":{"line":10,"column":34}}},"fnMap":{"0":{"name":"(anonymous_0)","decl":{"start":{"line":3,"column":29},"end":{"line":3,"column":30}},"loc":{"start":{"line":3,"column":41},"end":{"line":12,"column":3}},"line":3},"1":{"name":"(anonymous_1)","decl":{"start":{"line":8,"column":46},"end":{"line":8,"column":47}},"loc":{"start":{"line":8,"column":56},"end":{"line":8,"column":85}},"line":8}},"branchMap":{"0":{"loc":{"start":{"line":7,"column":6},"end":{"line":8,"column":90}},"type":"if","locations":[{"start":{"line":7,"column":6},"end":{"line":8,"column":90}},{"start":{"line":8,"column":11},"end":{"line":8,"column":90}}],"line":7}},"s":{"0":1,"1":0,"2":0,"3":0,"4":0,"5":0,"6":0,"7":0,"8":0},"f":{"0":0,"1":0},"b":{"0":[0,0]},"_coverageSchema":"1a1c01bbd47fc00a2c39e90264f33305004495a9","hash":"ad5afd47e9e519f6359dc15cea7c84f588081971"}
,"C:\\github\\react-native-pepperfry\\Redux\\Reducers\\Card1reducer.js": {"path":"C:\\github\\react-native-pepperfry\\Redux\\Reducers\\Card1reducer.js","statementMap":{"0":{"start":{"line":2,"column":21},"end":{"line":13,"column":1}},"1":{"start":{"line":3,"column":2},"end":{"line":12,"column":3}},"2":{"start":{"line":5,"column":30},"end":{"line":8,"column":7}},"3":{"start":{"line":9,"column":6},"end":{"line":9,"column":29}},"4":{"start":{"line":11,"column":6},"end":{"line":11,"column":19}}},"fnMap":{"0":{"name":"(anonymous_0)","decl":{"start":{"line":2,"column":21},"end":{"line":2,"column":22}},"loc":{"start":{"line":2,"column":60},"end":{"line":13,"column":1}},"line":2}},"branchMap":{"0":{"loc":{"start":{"line":2,"column":22},"end":{"line":2,"column":47}},"type":"default-arg","locations":[{"start":{"line":2,"column":29},"end":{"line":2,"column":47}}],"line":2},"1":{"loc":{"start":{"line":3,"column":2},"end":{"line":12,"column":3}},"type":"switch","locations":[{"start":{"line":4,"column":4},"end":{"line":9,"column":29}},{"start":{"line":10,"column":4},"end":{"line":11,"column":19}}],"line":3}},"s":{"0":0,"1":0,"2":0,"3":0,"4":0},"f":{"0":0},"b":{"0":[0],"1":[0,0]}}
,"C:\\github\\react-native-pepperfry\\Redux\\Reducers\\Card2reducer.js": {"path":"C:\\github\\react-native-pepperfry\\Redux\\Reducers\\Card2reducer.js","statementMap":{"0":{"start":{"line":2,"column":21},"end":{"line":13,"column":1}},"1":{"start":{"line":3,"column":2},"end":{"line":12,"column":3}},"2":{"start":{"line":5,"column":30},"end":{"line":8,"column":7}},"3":{"start":{"line":9,"column":6},"end":{"line":9,"column":29}},"4":{"start":{"line":11,"column":6},"end":{"line":11,"column":19}}},"fnMap":{"0":{"name":"(anonymous_0)","decl":{"start":{"line":2,"column":21},"end":{"line":2,"column":22}},"loc":{"start":{"line":2,"column":61},"end":{"line":13,"column":1}},"line":2}},"branchMap":{"0":{"loc":{"start":{"line":2,"column":22},"end":{"line":2,"column":48}},"type":"default-arg","locations":[{"start":{"line":2,"column":30},"end":{"line":2,"column":48}}],"line":2},"1":{"loc":{"start":{"line":3,"column":2},"end":{"line":12,"column":3}},"type":"switch","locations":[{"start":{"line":4,"column":4},"end":{"line":9,"column":29}},{"start":{"line":10,"column":4},"end":{"line":11,"column":19}}],"line":3}},"s":{"0":0,"1":0,"2":0,"3":0,"4":0},"f":{"0":0},"b":{"0":[0],"1":[0,0]}}
,"C:\\github\\react-native-pepperfry\\Redux\\Reducers\\Card3reducer.js": {"path":"C:\\github\\react-native-pepperfry\\Redux\\Reducers\\Card3reducer.js","statementMap":{"0":{"start":{"line":2,"column":21},"end":{"line":13,"column":1}},"1":{"start":{"line":3,"column":2},"end":{"line":12,"column":3}},"2":{"start":{"line":5,"column":30},"end":{"line":8,"column":7}},"3":{"start":{"line":9,"column":6},"end":{"line":9,"column":29}},"4":{"start":{"line":11,"column":6},"end":{"line":11,"column":19}}},"fnMap":{"0":{"name":"(anonymous_0)","decl":{"start":{"line":2,"column":21},"end":{"line":2,"column":22}},"loc":{"start":{"line":2,"column":60},"end":{"line":13,"column":1}},"line":2}},"branchMap":{"0":{"loc":{"start":{"line":2,"column":22},"end":{"line":2,"column":47}},"type":"default-arg","locations":[{"start":{"line":2,"column":30},"end":{"line":2,"column":47}}],"line":2},"1":{"loc":{"start":{"line":3,"column":2},"end":{"line":12,"column":3}},"type":"switch","locations":[{"start":{"line":4,"column":4},"end":{"line":9,"column":29}},{"start":{"line":10,"column":4},"end":{"line":11,"column":19}}],"line":3}},"s":{"0":0,"1":0,"2":0,"3":0,"4":0},"f":{"0":0},"b":{"0":[0],"1":[0,0]}}
,"C:\\github\\react-native-pepperfry\\Redux\\Reducers\\Rootreducer.js": {"path":"C:\\github\\react-native-pepperfry\\Redux\\Reducers\\Rootreducer.js","statementMap":{"0":{"start":{"line":7,"column":20},"end":{"line":13,"column":2}}},"fnMap":{},"branchMap":{},"s":{"0":0},"f":{},"b":{}}
,"C:\\github\\react-native-pepperfry\\Redux\\Reducers\\Sliderreducer.js": {"path":"C:\\github\\react-native-pepperfry\\Redux\\Reducers\\Sliderreducer.js","statementMap":{"0":{"start":{"line":2,"column":22},"end":{"line":13,"column":1}},"1":{"start":{"line":3,"column":2},"end":{"line":12,"column":3}},"2":{"start":{"line":5,"column":30},"end":{"line":8,"column":7}},"3":{"start":{"line":9,"column":6},"end":{"line":9,"column":29}},"4":{"start":{"line":11,"column":6},"end":{"line":11,"column":19}}},"fnMap":{"0":{"name":"(anonymous_0)","decl":{"start":{"line":2,"column":22},"end":{"line":2,"column":23}},"loc":{"start":{"line":2,"column":62},"end":{"line":13,"column":1}},"line":2}},"branchMap":{"0":{"loc":{"start":{"line":2,"column":23},"end":{"line":2,"column":49}},"type":"default-arg","locations":[{"start":{"line":2,"column":31},"end":{"line":2,"column":49}}],"line":2},"1":{"loc":{"start":{"line":3,"column":2},"end":{"line":12,"column":3}},"type":"switch","locations":[{"start":{"line":4,"column":4},"end":{"line":9,"column":29}},{"start":{"line":10,"column":4},"end":{"line":11,"column":19}}],"line":3}},"s":{"0":0,"1":0,"2":0,"3":0,"4":0},"f":{"0":0},"b":{"0":[0],"1":[0,0]}}
,"C:\\github\\react-native-pepperfry\\Redux\\Reducers\\Tokenreducer.js": {"path":"C:\\github\\react-native-pepperfry\\Redux\\Reducers\\Tokenreducer.js","statementMap":{"0":{"start":{"line":2,"column":23},"end":{"line":13,"column":3}},"1":{"start":{"line":3,"column":4},"end":{"line":12,"column":5}},"2":{"start":{"line":5,"column":32},"end":{"line":8,"column":9}},"3":{"start":{"line":9,"column":8},"end":{"line":9,"column":31}},"4":{"start":{"line":11,"column":8},"end":{"line":11,"column":21}}},"fnMap":{"0":{"name":"(anonymous_0)","decl":{"start":{"line":2,"column":23},"end":{"line":2,"column":24}},"loc":{"start":{"line":2,"column":59},"end":{"line":13,"column":3}},"line":2}},"branchMap":{"0":{"loc":{"start":{"line":2,"column":24},"end":{"line":2,"column":46}},"type":"default-arg","locations":[{"start":{"line":2,"column":32},"end":{"line":2,"column":46}}],"line":2},"1":{"loc":{"start":{"line":3,"column":4},"end":{"line":12,"column":5}},"type":"switch","locations":[{"start":{"line":4,"column":6},"end":{"line":9,"column":31}},{"start":{"line":10,"column":6},"end":{"line":11,"column":21}}],"line":3}},"s":{"0":0,"1":0,"2":0,"3":0,"4":0},"f":{"0":0},"b":{"0":[0],"1":[0,0]}}
,"C:\\github\\react-native-pepperfry\\Util\\Dimensions.js": {"path":"C:\\github\\react-native-pepperfry\\Util\\Dimensions.js","statementMap":{"0":{"start":{"line":2,"column":27},"end":{"line":2,"column":57}},"1":{"start":{"line":3,"column":28},"end":{"line":3,"column":59}}},"fnMap":{},"branchMap":{},"s":{"0":3,"1":3},"f":{},"b":{},"_coverageSchema":"1a1c01bbd47fc00a2c39e90264f33305004495a9","hash":"76bfe3a9bd650eebccfb82ce7bc2375728fbe6b8"}
,"C:\\github\\react-native-pepperfry\\components\\Aboutleader3cardsoptic.js": {"path":"C:\\github\\react-native-pepperfry\\components\\Aboutleader3cardsoptic.js","statementMap":{"0":{"start":{"line":4,"column":32},"end":{"line":32,"column":1}},"1":{"start":{"line":5,"column":4},"end":{"line":31,"column":5}},"2":{"start":{"line":36,"column":15},"end":{"line":92,"column":2}}},"fnMap":{"0":{"name":"(anonymous_0)","decl":{"start":{"line":4,"column":32},"end":{"line":4,"column":33}},"loc":{"start":{"line":4,"column":102},"end":{"line":32,"column":1}},"line":4}},"branchMap":{"0":{"loc":{"start":{"line":16,"column":21},"end":{"line":23,"column":28}},"type":"cond-expr","locations":[{"start":{"line":17,"column":24},"end":{"line":22,"column":27}},{"start":{"line":23,"column":24},"end":{"line":23,"column":28}}],"line":16},"1":{"loc":{"start":{"line":45,"column":16},"end":{"line":45,"column":58}},"type":"cond-expr","locations":[{"start":{"line":45,"column":49},"end":{"line":45,"column":52}},{"start":{"line":45,"column":55},"end":{"line":45,"column":58}}],"line":45}},"s":{"0":0,"1":0,"2":0},"f":{"0":0},"b":{"0":[0,0],"1":[0,0]}}
,"C:\\github\\react-native-pepperfry\\components\\Aboutleaders.js": {"path":"C:\\github\\react-native-pepperfry\\components\\Aboutleaders.js","statementMap":{"0":{"start":{"line":6,"column":21},"end":{"line":61,"column":1}},"1":{"start":{"line":7,"column":36},"end":{"line":7,"column":51}},"2":{"start":{"line":8,"column":38},"end":{"line":8,"column":53}},"3":{"start":{"line":9,"column":22},"end":{"line":9,"column":68}},"4":{"start":{"line":10,"column":22},"end":{"line":10,"column":68}},"5":{"start":{"line":11,"column":20},"end":{"line":17,"column":5}},"6":{"start":{"line":12,"column":8},"end":{"line":16,"column":19}},"7":{"start":{"line":19,"column":19},"end":{"line":28,"column":5}},"8":{"start":{"line":20,"column":8},"end":{"line":27,"column":11}},"9":{"start":{"line":25,"column":12},"end":{"line":25,"column":30}},"10":{"start":{"line":26,"column":12},"end":{"line":26,"column":31}},"11":{"start":{"line":30,"column":24},"end":{"line":35,"column":5}},"12":{"start":{"line":31,"column":8},"end":{"line":31,"column":25}},"13":{"start":{"line":32,"column":8},"end":{"line":32,"column":27}},"14":{"start":{"line":33,"column":8},"end":{"line":33,"column":27}},"15":{"start":{"line":34,"column":8},"end":{"line":34,"column":30}},"16":{"start":{"line":37,"column":25},"end":{"line":42,"column":5}},"17":{"start":{"line":38,"column":8},"end":{"line":38,"column":26}},"18":{"start":{"line":39,"column":8},"end":{"line":39,"column":26}},"19":{"start":{"line":40,"column":8},"end":{"line":40,"column":27}},"20":{"start":{"line":41,"column":8},"end":{"line":41,"column":30}},"21":{"start":{"line":43,"column":29},"end":{"line":43,"column":76}},"22":{"start":{"line":43,"column":37},"end":{"line":43,"column":55}},"23":{"start":{"line":43,"column":56},"end":{"line":43,"column":74}},"24":{"start":{"line":44,"column":4},"end":{"line":60,"column":5}},"25":{"start":{"line":65,"column":15},"end":{"line":84,"column":2}}},"fnMap":{"0":{"name":"(anonymous_0)","decl":{"start":{"line":6,"column":21},"end":{"line":6,"column":22}},"loc":{"start":{"line":6,"column":27},"end":{"line":61,"column":1}},"line":6},"1":{"name":"(anonymous_1)","decl":{"start":{"line":11,"column":20},"end":{"line":11,"column":21}},"loc":{"start":{"line":11,"column":34},"end":{"line":17,"column":5}},"line":11},"2":{"name":"(anonymous_2)","decl":{"start":{"line":19,"column":19},"end":{"line":19,"column":20}},"loc":{"start":{"line":19,"column":33},"end":{"line":28,"column":5}},"line":19},"3":{"name":"(anonymous_3)","decl":{"start":{"line":24,"column":17},"end":{"line":24,"column":18}},"loc":{"start":{"line":24,"column":23},"end":{"line":27,"column":9}},"line":24},"4":{"name":"(anonymous_4)","decl":{"start":{"line":30,"column":24},"end":{"line":30,"column":25}},"loc":{"start":{"line":30,"column":30},"end":{"line":35,"column":5}},"line":30},"5":{"name":"(anonymous_5)","decl":{"start":{"line":37,"column":25},"end":{"line":37,"column":26}},"loc":{"start":{"line":37,"column":31},"end":{"line":42,"column":5}},"line":37},"6":{"name":"(anonymous_6)","decl":{"start":{"line":43,"column":29},"end":{"line":43,"column":30}},"loc":{"start":{"line":43,"column":35},"end":{"line":43,"column":76}},"line":43}},"branchMap":{},"s":{"0":0,"1":0,"2":0,"3":0,"4":0,"5":0,"6":0,"7":0,"8":0,"9":0,"10":0,"11":0,"12":0,"13":0,"14":0,"15":0,"16":0,"17":0,"18":0,"19":0,"20":0,"21":0,"22":0,"23":0,"24":0,"25":0},"f":{"0":0,"1":0,"2":0,"3":0,"4":0,"5":0,"6":0},"b":{}}
,"C:\\github\\react-native-pepperfry\\components\\Aboutleaders3card.js": {"path":"C:\\github\\react-native-pepperfry\\components\\Aboutleaders3card.js","statementMap":{"0":{"start":{"line":5,"column":26},"end":{"line":86,"column":1}},"1":{"start":{"line":6,"column":40},"end":{"line":6,"column":55}},"2":{"start":{"line":7,"column":40},"end":{"line":7,"column":55}},"3":{"start":{"line":8,"column":40},"end":{"line":8,"column":55}},"4":{"start":{"line":9,"column":23},"end":{"line":9,"column":69}},"5":{"start":{"line":10,"column":23},"end":{"line":10,"column":69}},"6":{"start":{"line":11,"column":23},"end":{"line":11,"column":69}},"7":{"start":{"line":13,"column":22},"end":{"line":19,"column":5}},"8":{"start":{"line":14,"column":8},"end":{"line":18,"column":19}},"9":{"start":{"line":21,"column":22},"end":{"line":31,"column":5}},"10":{"start":{"line":22,"column":8},"end":{"line":30,"column":11}},"11":{"start":{"line":27,"column":12},"end":{"line":27,"column":32}},"12":{"start":{"line":28,"column":12},"end":{"line":28,"column":32}},"13":{"start":{"line":29,"column":12},"end":{"line":29,"column":32}},"14":{"start":{"line":33,"column":26},"end":{"line":40,"column":5}},"15":{"start":{"line":34,"column":8},"end":{"line":34,"column":27}},"16":{"start":{"line":35,"column":8},"end":{"line":35,"column":28}},"17":{"start":{"line":36,"column":8},"end":{"line":36,"column":28}},"18":{"start":{"line":37,"column":8},"end":{"line":37,"column":30}},"19":{"start":{"line":38,"column":8},"end":{"line":38,"column":31}},"20":{"start":{"line":39,"column":8},"end":{"line":39,"column":31}},"21":{"start":{"line":42,"column":27},"end":{"line":49,"column":5}},"22":{"start":{"line":43,"column":8},"end":{"line":43,"column":27}},"23":{"start":{"line":44,"column":8},"end":{"line":44,"column":28}},"24":{"start":{"line":45,"column":8},"end":{"line":45,"column":28}},"25":{"start":{"line":46,"column":8},"end":{"line":46,"column":30}},"26":{"start":{"line":47,"column":8},"end":{"line":47,"column":31}},"27":{"start":{"line":48,"column":8},"end":{"line":48,"column":31}},"28":{"start":{"line":51,"column":27},"end":{"line":58,"column":5}},"29":{"start":{"line":52,"column":8},"end":{"line":52,"column":27}},"30":{"start":{"line":53,"column":8},"end":{"line":53,"column":28}},"31":{"start":{"line":54,"column":8},"end":{"line":54,"column":28}},"32":{"start":{"line":55,"column":8},"end":{"line":55,"column":30}},"33":{"start":{"line":56,"column":8},"end":{"line":56,"column":31}},"34":{"start":{"line":57,"column":8},"end":{"line":57,"column":31}},"35":{"start":{"line":60,"column":30},"end":{"line":64,"column":5}},"36":{"start":{"line":61,"column":8},"end":{"line":61,"column":30}},"37":{"start":{"line":62,"column":8},"end":{"line":62,"column":30}},"38":{"start":{"line":63,"column":8},"end":{"line":63,"column":30}},"39":{"start":{"line":65,"column":4},"end":{"line":85,"column":5}},"40":{"start":{"line":90,"column":15},"end":{"line":142,"column":2}}},"fnMap":{"0":{"name":"(anonymous_0)","decl":{"start":{"line":5,"column":26},"end":{"line":5,"column":27}},"loc":{"start":{"line":5,"column":32},"end":{"line":86,"column":1}},"line":5},"1":{"name":"(anonymous_1)","decl":{"start":{"line":13,"column":22},"end":{"line":13,"column":23}},"loc":{"start":{"line":13,"column":36},"end":{"line":19,"column":5}},"line":13},"2":{"name":"(anonymous_2)","decl":{"start":{"line":21,"column":22},"end":{"line":21,"column":23}},"loc":{"start":{"line":21,"column":36},"end":{"line":31,"column":5}},"line":21},"3":{"name":"(anonymous_3)","decl":{"start":{"line":26,"column":17},"end":{"line":26,"column":18}},"loc":{"start":{"line":26,"column":23},"end":{"line":30,"column":9}},"line":26},"4":{"name":"(anonymous_4)","decl":{"start":{"line":33,"column":26},"end":{"line":33,"column":27}},"loc":{"start":{"line":33,"column":32},"end":{"line":40,"column":5}},"line":33},"5":{"name":"(anonymous_5)","decl":{"start":{"line":42,"column":27},"end":{"line":42,"column":28}},"loc":{"start":{"line":42,"column":33},"end":{"line":49,"column":5}},"line":42},"6":{"name":"(anonymous_6)","decl":{"start":{"line":51,"column":27},"end":{"line":51,"column":28}},"loc":{"start":{"line":51,"column":33},"end":{"line":58,"column":5}},"line":51},"7":{"name":"(anonymous_7)","decl":{"start":{"line":60,"column":30},"end":{"line":60,"column":31}},"loc":{"start":{"line":60,"column":36},"end":{"line":64,"column":5}},"line":60}},"branchMap":{},"s":{"0":0,"1":0,"2":0,"3":0,"4":0,"5":0,"6":0,"7":0,"8":0,"9":0,"10":0,"11":0,"12":0,"13":0,"14":0,"15":0,"16":0,"17":0,"18":0,"19":0,"20":0,"21":0,"22":0,"23":0,"24":0,"25":0,"26":0,"27":0,"28":0,"29":0,"30":0,"31":0,"32":0,"33":0,"34":0,"35":0,"36":0,"37":0,"38":0,"39":0,"40":0},"f":{"0":0,"1":0,"2":0,"3":0,"4":0,"5":0,"6":0,"7":0},"b":{}}
,"C:\\github\\react-native-pepperfry\\components\\Aboutourbeliefs.js": {"path":"C:\\github\\react-native-pepperfry\\components\\Aboutourbeliefs.js","statementMap":{"0":{"start":{"line":4,"column":24},"end":{"line":47,"column":1}},"1":{"start":{"line":5,"column":24},"end":{"line":24,"column":5}},"2":{"start":{"line":25,"column":4},"end":{"line":46,"column":5}},"3":{"start":{"line":32,"column":20},"end":{"line":42,"column":36}},"4":{"start":{"line":49,"column":15},"end":{"line":94,"column":2}}},"fnMap":{"0":{"name":"(anonymous_0)","decl":{"start":{"line":4,"column":24},"end":{"line":4,"column":25}},"loc":{"start":{"line":4,"column":30},"end":{"line":47,"column":1}},"line":4},"1":{"name":"(anonymous_1)","decl":{"start":{"line":31,"column":33},"end":{"line":31,"column":34}},"loc":{"start":{"line":32,"column":20},"end":{"line":42,"column":36}},"line":32}},"branchMap":{},"s":{"0":0,"1":0,"2":0,"3":0,"4":0},"f":{"0":0,"1":0},"b":{}}
,"C:\\github\\react-native-pepperfry\\components\\Aboutoursecret.js": {"path":"C:\\github\\react-native-pepperfry\\components\\Aboutoursecret.js","statementMap":{"0":{"start":{"line":4,"column":23},"end":{"line":103,"column":1}},"1":{"start":{"line":5,"column":23},"end":{"line":34,"column":5}},"2":{"start":{"line":36,"column":19},"end":{"line":58,"column":5}},"3":{"start":{"line":60,"column":4},"end":{"line":102,"column":5}},"4":{"start":{"line":67,"column":20},"end":{"line":84,"column":36}},"5":{"start":{"line":81,"column":58},"end":{"line":81,"column":112}},"6":{"start":{"line":88,"column":24},"end":{"line":97,"column":40}},"7":{"start":{"line":107,"column":15},"end":{"line":192,"column":2}}},"fnMap":{"0":{"name":"(anonymous_0)","decl":{"start":{"line":4,"column":23},"end":{"line":4,"column":24}},"loc":{"start":{"line":4,"column":29},"end":{"line":103,"column":1}},"line":4},"1":{"name":"(anonymous_1)","decl":{"start":{"line":66,"column":32},"end":{"line":66,"column":33}},"loc":{"start":{"line":67,"column":20},"end":{"line":84,"column":36}},"line":67},"2":{"name":"(anonymous_2)","decl":{"start":{"line":81,"column":52},"end":{"line":81,"column":53}},"loc":{"start":{"line":81,"column":58},"end":{"line":81,"column":112}},"line":81},"3":{"name":"(anonymous_3)","decl":{"start":{"line":87,"column":32},"end":{"line":87,"column":33}},"loc":{"start":{"line":88,"column":24},"end":{"line":97,"column":40}},"line":88}},"branchMap":{},"s":{"0":0,"1":0,"2":0,"3":0,"4":0,"5":0,"6":0,"7":0},"f":{"0":0,"1":0,"2":0,"3":0},"b":{}}
,"C:\\github\\react-native-pepperfry\\components\\Aboutourstory.js": {"path":"C:\\github\\react-native-pepperfry\\components\\Aboutourstory.js","statementMap":{"0":{"start":{"line":4,"column":22},"end":{"line":15,"column":1}},"1":{"start":{"line":5,"column":4},"end":{"line":14,"column":5}},"2":{"start":{"line":17,"column":15},"end":{"line":41,"column":2}}},"fnMap":{"0":{"name":"(anonymous_0)","decl":{"start":{"line":4,"column":22},"end":{"line":4,"column":23}},"loc":{"start":{"line":4,"column":28},"end":{"line":15,"column":1}},"line":4}},"branchMap":{},"s":{"0":0,"1":0,"2":0},"f":{"0":0},"b":{}}
,"C:\\github\\react-native-pepperfry\\components\\Aboutusawardslider.js": {"path":"C:\\github\\react-native-pepperfry\\components\\Aboutusawardslider.js","statementMap":{"0":{"start":{"line":4,"column":27},"end":{"line":88,"column":1}},"1":{"start":{"line":5,"column":24},"end":{"line":5,"column":32}},"2":{"start":{"line":6,"column":44},"end":{"line":6,"column":55}},"3":{"start":{"line":7,"column":21},"end":{"line":38,"column":5}},"4":{"start":{"line":39,"column":23},"end":{"line":47,"column":5}},"5":{"start":{"line":40,"column":8},"end":{"line":46,"column":9}},"6":{"start":{"line":41,"column":12},"end":{"line":41,"column":46}},"7":{"start":{"line":42,"column":12},"end":{"line":45,"column":15}},"8":{"start":{"line":48,"column":23},"end":{"line":56,"column":5}},"9":{"start":{"line":49,"column":8},"end":{"line":55,"column":9}},"10":{"start":{"line":50,"column":12},"end":{"line":50,"column":46}},"11":{"start":{"line":51,"column":12},"end":{"line":54,"column":15}},"12":{"start":{"line":57,"column":4},"end":{"line":87,"column":5}},"13":{"start":{"line":65,"column":24},"end":{"line":73,"column":25}},"14":{"start":{"line":75,"column":44},"end":{"line":75,"column":51}},"15":{"start":{"line":90,"column":15},"end":{"line":151,"column":2}}},"fnMap":{"0":{"name":"(anonymous_0)","decl":{"start":{"line":4,"column":27},"end":{"line":4,"column":28}},"loc":{"start":{"line":4,"column":33},"end":{"line":88,"column":1}},"line":4},"1":{"name":"(anonymous_1)","decl":{"start":{"line":39,"column":23},"end":{"line":39,"column":24}},"loc":{"start":{"line":39,"column":29},"end":{"line":47,"column":5}},"line":39},"2":{"name":"(anonymous_2)","decl":{"start":{"line":48,"column":23},"end":{"line":48,"column":24}},"loc":{"start":{"line":48,"column":29},"end":{"line":56,"column":5}},"line":48},"3":{"name":"(anonymous_3)","decl":{"start":{"line":64,"column":32},"end":{"line":64,"column":33}},"loc":{"start":{"line":64,"column":46},"end":{"line":74,"column":21}},"line":64},"4":{"name":"(anonymous_4)","decl":{"start":{"line":75,"column":34},"end":{"line":75,"column":35}},"loc":{"start":{"line":75,"column":44},"end":{"line":75,"column":51}},"line":75}},"branchMap":{"0":{"loc":{"start":{"line":40,"column":8},"end":{"line":46,"column":9}},"type":"if","locations":[{"start":{"line":40,"column":8},"end":{"line":46,"column":9}},{"start":{},"end":{}}],"line":40},"1":{"loc":{"start":{"line":49,"column":8},"end":{"line":55,"column":9}},"type":"if","locations":[{"start":{"line":49,"column":8},"end":{"line":55,"column":9}},{"start":{},"end":{}}],"line":49}},"s":{"0":0,"1":0,"2":0,"3":0,"4":0,"5":0,"6":0,"7":0,"8":0,"9":0,"10":0,"11":0,"12":0,"13":0,"14":0,"15":0},"f":{"0":0,"1":0,"2":0,"3":0,"4":0},"b":{"0":[0,0],"1":[0,0]}}
,"C:\\github\\react-native-pepperfry\\components\\Aboutusfooter.js": {"path":"C:\\github\\react-native-pepperfry\\components\\Aboutusfooter.js","statementMap":{"0":{"start":{"line":3,"column":22},"end":{"line":78,"column":1}},"1":{"start":{"line":4,"column":21},"end":{"line":15,"column":5}},"2":{"start":{"line":16,"column":24},"end":{"line":43,"column":5}},"3":{"start":{"line":44,"column":4},"end":{"line":77,"column":5}},"4":{"start":{"line":51,"column":20},"end":{"line":58,"column":36}},"5":{"start":{"line":64,"column":28},"end":{"line":66,"column":56}},"6":{"start":{"line":64,"column":111},"end":{"line":64,"column":146}},"7":{"start":{"line":80,"column":15},"end":{"line":147,"column":2}}},"fnMap":{"0":{"name":"(anonymous_0)","decl":{"start":{"line":3,"column":22},"end":{"line":3,"column":23}},"loc":{"start":{"line":3,"column":28},"end":{"line":78,"column":1}},"line":3},"1":{"name":"(anonymous_1)","decl":{"start":{"line":50,"column":30},"end":{"line":50,"column":31}},"loc":{"start":{"line":51,"column":20},"end":{"line":58,"column":36}},"line":51},"2":{"name":"(anonymous_2)","decl":{"start":{"line":63,"column":41},"end":{"line":63,"column":42}},"loc":{"start":{"line":64,"column":28},"end":{"line":66,"column":56}},"line":64},"3":{"name":"(anonymous_3)","decl":{"start":{"line":64,"column":105},"end":{"line":64,"column":106}},"loc":{"start":{"line":64,"column":111},"end":{"line":64,"column":146}},"line":64}},"branchMap":{},"s":{"0":0,"1":0,"2":0,"3":0,"4":0,"5":0,"6":0,"7":0},"f":{"0":0,"1":0,"2":0,"3":0},"b":{}}
,"C:\\github\\react-native-pepperfry\\components\\Aboutushead.js": {"path":"C:\\github\\react-native-pepperfry\\components\\Aboutushead.js","statementMap":{"0":{"start":{"line":3,"column":20},"end":{"line":52,"column":1}},"1":{"start":{"line":4,"column":21},"end":{"line":15,"column":5}},"2":{"start":{"line":16,"column":4},"end":{"line":51,"column":5}},"3":{"start":{"line":26,"column":24},"end":{"line":33,"column":40}},"4":{"start":{"line":54,"column":15},"end":{"line":127,"column":2}}},"fnMap":{"0":{"name":"(anonymous_0)","decl":{"start":{"line":3,"column":20},"end":{"line":3,"column":21}},"loc":{"start":{"line":3,"column":26},"end":{"line":52,"column":1}},"line":3},"1":{"name":"(anonymous_1)","decl":{"start":{"line":25,"column":34},"end":{"line":25,"column":35}},"loc":{"start":{"line":26,"column":24},"end":{"line":33,"column":40}},"line":26}},"branchMap":{},"s":{"0":0,"1":0,"2":0,"3":0,"4":0},"f":{"0":0,"1":0},"b":{}}
,"C:\\github\\react-native-pepperfry\\components\\Aboutusinstagram.js": {"path":"C:\\github\\react-native-pepperfry\\components\\Aboutusinstagram.js","statementMap":{"0":{"start":{"line":3,"column":23},"end":{"line":88,"column":1}},"1":{"start":{"line":4,"column":42},"end":{"line":4,"column":53}},"2":{"start":{"line":5,"column":24},"end":{"line":5,"column":32}},"3":{"start":{"line":6,"column":23},"end":{"line":35,"column":5}},"4":{"start":{"line":36,"column":29},"end":{"line":36,"column":31}},"5":{"start":{"line":36,"column":53},"end":{"line":36,"column":96}},"6":{"start":{"line":37,"column":25},"end":{"line":41,"column":5}},"7":{"start":{"line":38,"column":31},"end":{"line":38,"column":64}},"8":{"start":{"line":39,"column":22},"end":{"line":39,"column":62}},"9":{"start":{"line":40,"column":8},"end":{"line":40,"column":29}},"10":{"start":{"line":43,"column":4},"end":{"line":58,"column":22}},"11":{"start":{"line":44,"column":27},"end":{"line":56,"column":16}},"12":{"start":{"line":45,"column":12},"end":{"line":55,"column":13}},"13":{"start":{"line":46,"column":16},"end":{"line":49,"column":19}},"14":{"start":{"line":51,"column":16},"end":{"line":54,"column":19}},"15":{"start":{"line":57,"column":8},"end":{"line":57,"column":47}},"16":{"start":{"line":57,"column":21},"end":{"line":57,"column":46}},"17":{"start":{"line":59,"column":4},"end":{"line":87,"column":5}},"18":{"start":{"line":67,"column":24},"end":{"line":81,"column":25}},"19":{"start":{"line":83,"column":68},"end":{"line":83,"column":75}},"20":{"start":{"line":92,"column":15},"end":{"line":163,"column":2}}},"fnMap":{"0":{"name":"(anonymous_0)","decl":{"start":{"line":3,"column":23},"end":{"line":3,"column":24}},"loc":{"start":{"line":3,"column":29},"end":{"line":88,"column":1}},"line":3},"1":{"name":"(anonymous_1)","decl":{"start":{"line":37,"column":25},"end":{"line":37,"column":26}},"loc":{"start":{"line":37,"column":36},"end":{"line":41,"column":5}},"line":37},"2":{"name":"(anonymous_2)","decl":{"start":{"line":43,"column":14},"end":{"line":43,"column":15}},"loc":{"start":{"line":43,"column":20},"end":{"line":58,"column":5}},"line":43},"3":{"name":"(anonymous_3)","decl":{"start":{"line":44,"column":39},"end":{"line":44,"column":40}},"loc":{"start":{"line":44,"column":45},"end":{"line":56,"column":9}},"line":44},"4":{"name":"(anonymous_4)","decl":{"start":{"line":57,"column":15},"end":{"line":57,"column":16}},"loc":{"start":{"line":57,"column":21},"end":{"line":57,"column":46}},"line":57},"5":{"name":"(anonymous_5)","decl":{"start":{"line":66,"column":32},"end":{"line":66,"column":33}},"loc":{"start":{"line":66,"column":46},"end":{"line":82,"column":21}},"line":66},"6":{"name":"(anonymous_6)","decl":{"start":{"line":83,"column":58},"end":{"line":83,"column":59}},"loc":{"start":{"line":83,"column":68},"end":{"line":83,"column":75}},"line":83}},"branchMap":{"0":{"loc":{"start":{"line":45,"column":12},"end":{"line":55,"column":13}},"type":"if","locations":[{"start":{"line":45,"column":12},"end":{"line":55,"column":13}},{"start":{"line":50,"column":19},"end":{"line":55,"column":13}}],"line":45}},"s":{"0":0,"1":0,"2":0,"3":0,"4":0,"5":0,"6":0,"7":0,"8":0,"9":0,"10":0,"11":0,"12":0,"13":0,"14":0,"15":0,"16":0,"17":0,"18":0,"19":0,"20":0},"f":{"0":0,"1":0,"2":0,"3":0,"4":0,"5":0,"6":0},"b":{"0":[0,0]}}
,"C:\\github\\react-native-pepperfry\\components\\Aboutusinthenews.js": {"path":"C:\\github\\react-native-pepperfry\\components\\Aboutusinthenews.js","statementMap":{"0":{"start":{"line":3,"column":25},"end":{"line":57,"column":1}},"1":{"start":{"line":4,"column":16},"end":{"line":26,"column":5}},"2":{"start":{"line":27,"column":4},"end":{"line":56,"column":5}},"3":{"start":{"line":34,"column":20},"end":{"line":52,"column":36}},"4":{"start":{"line":59,"column":15},"end":{"line":87,"column":2}}},"fnMap":{"0":{"name":"(anonymous_0)","decl":{"start":{"line":3,"column":25},"end":{"line":3,"column":26}},"loc":{"start":{"line":3,"column":31},"end":{"line":57,"column":1}},"line":3},"1":{"name":"(anonymous_1)","decl":{"start":{"line":33,"column":25},"end":{"line":33,"column":26}},"loc":{"start":{"line":34,"column":20},"end":{"line":52,"column":36}},"line":34}},"branchMap":{},"s":{"0":0,"1":0,"2":0,"3":0,"4":0},"f":{"0":0,"1":0},"b":{}}
,"C:\\github\\react-native-pepperfry\\components\\Aboutuslayout.js": {"path":"C:\\github\\react-native-pepperfry\\components\\Aboutuslayout.js","statementMap":{"0":{"start":{"line":12,"column":22},"end":{"line":27,"column":1}},"1":{"start":{"line":13,"column":4},"end":{"line":26,"column":5}}},"fnMap":{"0":{"name":"(anonymous_0)","decl":{"start":{"line":12,"column":22},"end":{"line":12,"column":23}},"loc":{"start":{"line":12,"column":28},"end":{"line":27,"column":1}},"line":12}},"branchMap":{},"s":{"0":0,"1":0},"f":{"0":0},"b":{}}
,"C:\\github\\react-native-pepperfry\\components\\Aboutusleaderextension.js": {"path":"C:\\github\\react-native-pepperfry\\components\\Aboutusleaderextension.js","statementMap":{"0":{"start":{"line":3,"column":31},"end":{"line":29,"column":1}},"1":{"start":{"line":4,"column":4},"end":{"line":28,"column":5}},"2":{"start":{"line":31,"column":15},"end":{"line":105,"column":2}}},"fnMap":{"0":{"name":"(anonymous_0)","decl":{"start":{"line":3,"column":31},"end":{"line":3,"column":32}},"loc":{"start":{"line":3,"column":91},"end":{"line":29,"column":1}},"line":3}},"branchMap":{"0":{"loc":{"start":{"line":13,"column":21},"end":{"line":20,"column":28}},"type":"cond-expr","locations":[{"start":{"line":14,"column":24},"end":{"line":19,"column":27}},{"start":{"line":20,"column":24},"end":{"line":20,"column":28}}],"line":13},"1":{"loc":{"start":{"line":47,"column":16},"end":{"line":47,"column":58}},"type":"cond-expr","locations":[{"start":{"line":47,"column":49},"end":{"line":47,"column":52}},{"start":{"line":47,"column":55},"end":{"line":47,"column":58}}],"line":47}},"s":{"0":0,"1":0,"2":0},"f":{"0":0},"b":{"0":[0,0],"1":[0,0]}}
,"C:\\github\\react-native-pepperfry\\components\\Aboutusyoutube.js": {"path":"C:\\github\\react-native-pepperfry\\components\\Aboutusyoutube.js","statementMap":{"0":{"start":{"line":5,"column":23},"end":{"line":76,"column":1}},"1":{"start":{"line":6,"column":32},"end":{"line":6,"column":47}},"2":{"start":{"line":7,"column":22},"end":{"line":7,"column":34}},"3":{"start":{"line":8,"column":42},"end":{"line":8,"column":53}},"4":{"start":{"line":9,"column":15},"end":{"line":26,"column":3}},"5":{"start":{"line":27,"column":26},"end":{"line":35,"column":3}},"6":{"start":{"line":28,"column":24},"end":{"line":28,"column":54}},"7":{"start":{"line":29,"column":29},"end":{"line":29,"column":31}},"8":{"start":{"line":29,"column":52},"end":{"line":29,"column":86}},"9":{"start":{"line":30,"column":4},"end":{"line":34,"column":6}},"10":{"start":{"line":36,"column":21},"end":{"line":44,"column":3}},"11":{"start":{"line":37,"column":4},"end":{"line":43,"column":5}},"12":{"start":{"line":38,"column":6},"end":{"line":38,"column":40}},"13":{"start":{"line":39,"column":6},"end":{"line":42,"column":9}},"14":{"start":{"line":45,"column":21},"end":{"line":53,"column":3}},"15":{"start":{"line":46,"column":4},"end":{"line":52,"column":5}},"16":{"start":{"line":47,"column":6},"end":{"line":47,"column":40}},"17":{"start":{"line":48,"column":6},"end":{"line":51,"column":9}},"18":{"start":{"line":54,"column":2},"end":{"line":75,"column":4}},"19":{"start":{"line":60,"column":110},"end":{"line":60,"column":117}},"20":{"start":{"line":78,"column":15},"end":{"line":114,"column":2}}},"fnMap":{"0":{"name":"(anonymous_0)","decl":{"start":{"line":5,"column":23},"end":{"line":5,"column":24}},"loc":{"start":{"line":5,"column":29},"end":{"line":76,"column":1}},"line":5},"1":{"name":"(anonymous_1)","decl":{"start":{"line":27,"column":26},"end":{"line":27,"column":27}},"loc":{"start":{"line":27,"column":40},"end":{"line":35,"column":3}},"line":27},"2":{"name":"(anonymous_2)","decl":{"start":{"line":36,"column":21},"end":{"line":36,"column":22}},"loc":{"start":{"line":36,"column":27},"end":{"line":44,"column":3}},"line":36},"3":{"name":"(anonymous_3)","decl":{"start":{"line":45,"column":21},"end":{"line":45,"column":22}},"loc":{"start":{"line":45,"column":27},"end":{"line":53,"column":3}},"line":45},"4":{"name":"(anonymous_4)","decl":{"start":{"line":60,"column":100},"end":{"line":60,"column":101}},"loc":{"start":{"line":60,"column":110},"end":{"line":60,"column":117}},"line":60}},"branchMap":{"0":{"loc":{"start":{"line":32,"column":31},"end":{"line":32,"column":73}},"type":"cond-expr","locations":[{"start":{"line":32,"column":64},"end":{"line":32,"column":67}},{"start":{"line":32,"column":70},"end":{"line":32,"column":73}}],"line":32},"1":{"loc":{"start":{"line":37,"column":4},"end":{"line":43,"column":5}},"type":"if","locations":[{"start":{"line":37,"column":4},"end":{"line":43,"column":5}},{"start":{},"end":{}}],"line":37},"2":{"loc":{"start":{"line":46,"column":4},"end":{"line":52,"column":5}},"type":"if","locations":[{"start":{"line":46,"column":4},"end":{"line":52,"column":5}},{"start":{},"end":{}}],"line":46},"3":{"loc":{"start":{"line":94,"column":12},"end":{"line":94,"column":58}},"type":"cond-expr","locations":[{"start":{"line":94,"column":45},"end":{"line":94,"column":50}},{"start":{"line":94,"column":53},"end":{"line":94,"column":58}}],"line":94}},"s":{"0":0,"1":0,"2":0,"3":0,"4":0,"5":0,"6":0,"7":0,"8":0,"9":0,"10":0,"11":0,"12":0,"13":0,"14":0,"15":0,"16":0,"17":0,"18":0,"19":0,"20":0},"f":{"0":0,"1":0,"2":0,"3":0,"4":0},"b":{"0":[0,0],"1":[0,0],"2":[0,0],"3":[0,0]}}
,"C:\\github\\react-native-pepperfry\\components\\Appliances.js": {"path":"C:\\github\\react-native-pepperfry\\components\\Appliances.js","statementMap":{"0":{"start":{"line":4,"column":19},"end":{"line":143,"column":1}},"1":{"start":{"line":5,"column":56},"end":{"line":5,"column":71}},"2":{"start":{"line":6,"column":68},"end":{"line":6,"column":83}},"3":{"start":{"line":7,"column":68},"end":{"line":7,"column":83}},"4":{"start":{"line":8,"column":33},"end":{"line":12,"column":5}},"5":{"start":{"line":9,"column":8},"end":{"line":9,"column":51}},"6":{"start":{"line":10,"column":8},"end":{"line":10,"column":39}},"7":{"start":{"line":11,"column":8},"end":{"line":11,"column":39}},"8":{"start":{"line":13,"column":40},"end":{"line":13,"column":105}},"9":{"start":{"line":13,"column":48},"end":{"line":13,"column":103}},"10":{"start":{"line":14,"column":40},"end":{"line":14,"column":105}},"11":{"start":{"line":14,"column":48},"end":{"line":14,"column":103}},"12":{"start":{"line":15,"column":19},"end":{"line":43,"column":5}},"13":{"start":{"line":44,"column":23},"end":{"line":44,"column":47}},"14":{"start":{"line":45,"column":29},"end":{"line":45,"column":107}},"15":{"start":{"line":45,"column":47},"end":{"line":45,"column":105}},"16":{"start":{"line":46,"column":4},"end":{"line":142,"column":5}},"17":{"start":{"line":83,"column":102},"end":{"line":83,"column":145}},"18":{"start":{"line":117,"column":111},"end":{"line":117,"column":146}},"19":{"start":{"line":124,"column":20},"end":{"line":139,"column":37}}},"fnMap":{"0":{"name":"(anonymous_0)","decl":{"start":{"line":4,"column":19},"end":{"line":4,"column":20}},"loc":{"start":{"line":4,"column":25},"end":{"line":143,"column":1}},"line":4},"1":{"name":"(anonymous_1)","decl":{"start":{"line":8,"column":33},"end":{"line":8,"column":34}},"loc":{"start":{"line":8,"column":39},"end":{"line":12,"column":5}},"line":8},"2":{"name":"(anonymous_2)","decl":{"start":{"line":13,"column":40},"end":{"line":13,"column":41}},"loc":{"start":{"line":13,"column":46},"end":{"line":13,"column":105}},"line":13},"3":{"name":"(anonymous_3)","decl":{"start":{"line":14,"column":40},"end":{"line":14,"column":41}},"loc":{"start":{"line":14,"column":46},"end":{"line":14,"column":105}},"line":14},"4":{"name":"(anonymous_4)","decl":{"start":{"line":45,"column":29},"end":{"line":45,"column":30}},"loc":{"start":{"line":45,"column":45},"end":{"line":45,"column":107}},"line":45},"5":{"name":"(anonymous_5)","decl":{"start":{"line":83,"column":98},"end":{"line":83,"column":99}},"loc":{"start":{"line":83,"column":102},"end":{"line":83,"column":145}},"line":83},"6":{"name":"(anonymous_6)","decl":{"start":{"line":117,"column":107},"end":{"line":117,"column":108}},"loc":{"start":{"line":117,"column":111},"end":{"line":117,"column":146}},"line":117},"7":{"name":"(anonymous_7)","decl":{"start":{"line":123,"column":28},"end":{"line":123,"column":29}},"loc":{"start":{"line":124,"column":20},"end":{"line":139,"column":37}},"line":124}},"branchMap":{"0":{"loc":{"start":{"line":59,"column":33},"end":{"line":59,"column":222}},"type":"cond-expr","locations":[{"start":{"line":59,"column":57},"end":{"line":59,"column":136}},{"start":{"line":59,"column":141},"end":{"line":59,"column":222}}],"line":59},"1":{"loc":{"start":{"line":64,"column":17},"end":{"line":79,"column":24}},"type":"cond-expr","locations":[{"start":{"line":65,"column":20},"end":{"line":78,"column":36}},{"start":{"line":79,"column":20},"end":{"line":79,"column":24}}],"line":64},"2":{"loc":{"start":{"line":73,"column":41},"end":{"line":73,"column":201}},"type":"cond-expr","locations":[{"start":{"line":73,"column":71},"end":{"line":73,"column":134}},{"start":{"line":73,"column":139},"end":{"line":73,"column":201}}],"line":73},"3":{"loc":{"start":{"line":80,"column":17},"end":{"line":89,"column":24}},"type":"cond-expr","locations":[{"start":{"line":81,"column":20},"end":{"line":88,"column":36}},{"start":{"line":89,"column":20},"end":{"line":89,"column":24}}],"line":80},"4":{"loc":{"start":{"line":90,"column":17},"end":{"line":103,"column":24}},"type":"cond-expr","locations":[{"start":{"line":91,"column":20},"end":{"line":102,"column":36}},{"start":{"line":103,"column":20},"end":{"line":103,"column":24}}],"line":90},"5":{"loc":{"start":{"line":97,"column":41},"end":{"line":97,"column":201}},"type":"cond-expr","locations":[{"start":{"line":97,"column":71},"end":{"line":97,"column":134}},{"start":{"line":97,"column":139},"end":{"line":97,"column":201}}],"line":97},"6":{"loc":{"start":{"line":104,"column":17},"end":{"line":111,"column":24}},"type":"cond-expr","locations":[{"start":{"line":105,"column":20},"end":{"line":110,"column":36}},{"start":{"line":111,"column":20},"end":{"line":111,"column":24}}],"line":104},"7":{"loc":{"start":{"line":112,"column":17},"end":{"line":122,"column":24}},"type":"cond-expr","locations":[{"start":{"line":113,"column":20},"end":{"line":121,"column":36}},{"start":{"line":122,"column":20},"end":{"line":122,"column":24}}],"line":112},"8":{"loc":{"start":{"line":125,"column":25},"end":{"line":138,"column":32}},"type":"cond-expr","locations":[{"start":{"line":126,"column":28},"end":{"line":137,"column":44}},{"start":{"line":138,"column":28},"end":{"line":138,"column":32}}],"line":125}},"s":{"0":0,"1":0,"2":0,"3":0,"4":0,"5":0,"6":0,"7":0,"8":0,"9":0,"10":0,"11":0,"12":0,"13":0,"14":0,"15":0,"16":0,"17":0,"18":0,"19":0},"f":{"0":0,"1":0,"2":0,"3":0,"4":0,"5":0,"6":0,"7":0},"b":{"0":[0,0],"1":[0,0],"2":[0,0],"3":[0,0],"4":[0,0],"5":[0,0],"6":[0,0],"7":[0,0],"8":[0,0]}}
,"C:\\github\\react-native-pepperfry\\components\\Bottomtabnavigator.js": {"path":"C:\\github\\react-native-pepperfry\\components\\Bottomtabnavigator.js","statementMap":{"0":{"start":{"line":8,"column":15},"end":{"line":8,"column":41}},"1":{"start":{"line":9,"column":27},"end":{"line":54,"column":1}},"2":{"start":{"line":10,"column":4},"end":{"line":53,"column":5}},"3":{"start":{"line":21,"column":28},"end":{"line":21,"column":95}},"4":{"start":{"line":28,"column":32},"end":{"line":28,"column":101}},"5":{"start":{"line":35,"column":32},"end":{"line":35,"column":99}},"6":{"start":{"line":42,"column":32},"end":{"line":42,"column":103}},"7":{"start":{"line":49,"column":32},"end":{"line":49,"column":113}}},"fnMap":{"0":{"name":"(anonymous_0)","decl":{"start":{"line":9,"column":27},"end":{"line":9,"column":28}},"loc":{"start":{"line":9,"column":33},"end":{"line":54,"column":1}},"line":9},"1":{"name":"(anonymous_1)","decl":{"start":{"line":20,"column":36},"end":{"line":20,"column":37}},"loc":{"start":{"line":21,"column":28},"end":{"line":21,"column":95}},"line":21},"2":{"name":"(anonymous_2)","decl":{"start":{"line":27,"column":60},"end":{"line":27,"column":61}},"loc":{"start":{"line":28,"column":32},"end":{"line":28,"column":101}},"line":28},"3":{"name":"(anonymous_3)","decl":{"start":{"line":34,"column":40},"end":{"line":34,"column":41}},"loc":{"start":{"line":35,"column":32},"end":{"line":35,"column":99}},"line":35},"4":{"name":"(anonymous_4)","decl":{"start":{"line":41,"column":40},"end":{"line":41,"column":41}},"loc":{"start":{"line":42,"column":32},"end":{"line":42,"column":103}},"line":42},"5":{"name":"(anonymous_5)","decl":{"start":{"line":48,"column":40},"end":{"line":48,"column":41}},"loc":{"start":{"line":49,"column":32},"end":{"line":49,"column":113}},"line":49}},"branchMap":{},"s":{"0":0,"1":0,"2":0,"3":0,"4":0,"5":0,"6":0,"7":0},"f":{"0":0,"1":0,"2":0,"3":0,"4":0,"5":0},"b":{}}
,"C:\\github\\react-native-pepperfry\\components\\Categorystyles.js": {"path":"C:\\github\\react-native-pepperfry\\components\\Categorystyles.js","statementMap":{"0":{"start":{"line":3,"column":22},"end":{"line":77,"column":2}}},"fnMap":{},"branchMap":{},"s":{"0":0},"f":{},"b":{}}
,"C:\\github\\react-native-pepperfry\\components\\Catgeorylayout.js": {"path":"C:\\github\\react-native-pepperfry\\components\\Catgeorylayout.js","statementMap":{"0":{"start":{"line":13,"column":23},"end":{"line":28,"column":1}},"1":{"start":{"line":14,"column":4},"end":{"line":27,"column":5}}},"fnMap":{"0":{"name":"(anonymous_0)","decl":{"start":{"line":13,"column":23},"end":{"line":13,"column":24}},"loc":{"start":{"line":13,"column":29},"end":{"line":28,"column":1}},"line":13}},"branchMap":{},"s":{"0":0,"1":0},"f":{"0":0},"b":{}}
,"C:\\github\\react-native-pepperfry\\components\\Drawercomponent.js": {"path":"C:\\github\\react-native-pepperfry\\components\\Drawercomponent.js","statementMap":{"0":{"start":{"line":6,"column":15},"end":{"line":6,"column":38}},"1":{"start":{"line":7,"column":24},"end":{"line":41,"column":1}},"2":{"start":{"line":8,"column":21},"end":{"line":8,"column":36}},"3":{"start":{"line":9,"column":32},"end":{"line":16,"column":3}},"4":{"start":{"line":10,"column":4},"end":{"line":15,"column":20}},"5":{"start":{"line":17,"column":2},"end":{"line":40,"column":3}},"6":{"start":{"line":24,"column":112},"end":{"line":24,"column":135}},"7":{"start":{"line":26,"column":24},"end":{"line":37,"column":9}},"8":{"start":{"line":29,"column":12},"end":{"line":35,"column":14}},"9":{"start":{"line":33,"column":29},"end":{"line":33,"column":48}}},"fnMap":{"0":{"name":"(anonymous_0)","decl":{"start":{"line":7,"column":24},"end":{"line":7,"column":25}},"loc":{"start":{"line":7,"column":30},"end":{"line":41,"column":1}},"line":7},"1":{"name":"(anonymous_1)","decl":{"start":{"line":9,"column":32},"end":{"line":9,"column":33}},"loc":{"start":{"line":10,"column":4},"end":{"line":15,"column":20}},"line":10},"2":{"name":"(anonymous_2)","decl":{"start":{"line":24,"column":106},"end":{"line":24,"column":107}},"loc":{"start":{"line":24,"column":112},"end":{"line":24,"column":135}},"line":24},"3":{"name":"(anonymous_3)","decl":{"start":{"line":26,"column":17},"end":{"line":26,"column":18}},"loc":{"start":{"line":26,"column":24},"end":{"line":37,"column":9}},"line":26},"4":{"name":"(anonymous_4)","decl":{"start":{"line":28,"column":22},"end":{"line":28,"column":23}},"loc":{"start":{"line":29,"column":12},"end":{"line":35,"column":14}},"line":29},"5":{"name":"(anonymous_5)","decl":{"start":{"line":33,"column":23},"end":{"line":33,"column":24}},"loc":{"start":{"line":33,"column":29},"end":{"line":33,"column":48}},"line":33}},"branchMap":{"0":{"loc":{"start":{"line":11,"column":175},"end":{"line":11,"column":249}},"type":"cond-expr","locations":[{"start":{"line":11,"column":208},"end":{"line":11,"column":228}},{"start":{"line":11,"column":230},"end":{"line":11,"column":249}}],"line":11}},"s":{"0":0,"1":0,"2":0,"3":0,"4":0,"5":0,"6":0,"7":0,"8":0,"9":0},"f":{"0":0,"1":0,"2":0,"3":0,"4":0,"5":0},"b":{"0":[0,0]}}
,"C:\\github\\react-native-pepperfry\\components\\Furnishings.js": {"path":"C:\\github\\react-native-pepperfry\\components\\Furnishings.js","statementMap":{"0":{"start":{"line":4,"column":20},"end":{"line":140,"column":1}},"1":{"start":{"line":5,"column":56},"end":{"line":5,"column":71}},"2":{"start":{"line":6,"column":68},"end":{"line":6,"column":83}},"3":{"start":{"line":7,"column":68},"end":{"line":7,"column":83}},"4":{"start":{"line":8,"column":33},"end":{"line":12,"column":5}},"5":{"start":{"line":9,"column":8},"end":{"line":9,"column":51}},"6":{"start":{"line":10,"column":8},"end":{"line":10,"column":39}},"7":{"start":{"line":11,"column":8},"end":{"line":11,"column":39}},"8":{"start":{"line":13,"column":40},"end":{"line":13,"column":105}},"9":{"start":{"line":13,"column":48},"end":{"line":13,"column":103}},"10":{"start":{"line":14,"column":40},"end":{"line":14,"column":105}},"11":{"start":{"line":14,"column":48},"end":{"line":14,"column":103}},"12":{"start":{"line":15,"column":19},"end":{"line":43,"column":5}},"13":{"start":{"line":44,"column":23},"end":{"line":44,"column":47}},"14":{"start":{"line":45,"column":29},"end":{"line":45,"column":107}},"15":{"start":{"line":45,"column":47},"end":{"line":45,"column":105}},"16":{"start":{"line":46,"column":4},"end":{"line":139,"column":5}},"17":{"start":{"line":81,"column":100},"end":{"line":81,"column":137}},"18":{"start":{"line":116,"column":109},"end":{"line":116,"column":150}},"19":{"start":{"line":123,"column":16},"end":{"line":136,"column":33}}},"fnMap":{"0":{"name":"(anonymous_0)","decl":{"start":{"line":4,"column":20},"end":{"line":4,"column":21}},"loc":{"start":{"line":4,"column":26},"end":{"line":140,"column":1}},"line":4},"1":{"name":"(anonymous_1)","decl":{"start":{"line":8,"column":33},"end":{"line":8,"column":34}},"loc":{"start":{"line":8,"column":39},"end":{"line":12,"column":5}},"line":8},"2":{"name":"(anonymous_2)","decl":{"start":{"line":13,"column":40},"end":{"line":13,"column":41}},"loc":{"start":{"line":13,"column":46},"end":{"line":13,"column":105}},"line":13},"3":{"name":"(anonymous_3)","decl":{"start":{"line":14,"column":40},"end":{"line":14,"column":41}},"loc":{"start":{"line":14,"column":46},"end":{"line":14,"column":105}},"line":14},"4":{"name":"(anonymous_4)","decl":{"start":{"line":45,"column":29},"end":{"line":45,"column":30}},"loc":{"start":{"line":45,"column":45},"end":{"line":45,"column":107}},"line":45},"5":{"name":"(anonymous_5)","decl":{"start":{"line":81,"column":94},"end":{"line":81,"column":95}},"loc":{"start":{"line":81,"column":100},"end":{"line":81,"column":137}},"line":81},"6":{"name":"(anonymous_6)","decl":{"start":{"line":116,"column":103},"end":{"line":116,"column":104}},"loc":{"start":{"line":116,"column":109},"end":{"line":116,"column":150}},"line":116},"7":{"name":"(anonymous_7)","decl":{"start":{"line":122,"column":24},"end":{"line":122,"column":25}},"loc":{"start":{"line":123,"column":16},"end":{"line":136,"column":33}},"line":123}},"branchMap":{"0":{"loc":{"start":{"line":59,"column":29},"end":{"line":59,"column":216}},"type":"cond-expr","locations":[{"start":{"line":59,"column":52},"end":{"line":59,"column":131}},{"start":{"line":59,"column":135},"end":{"line":59,"column":216}}],"line":59},"1":{"loc":{"start":{"line":64,"column":13},"end":{"line":77,"column":20}},"type":"cond-expr","locations":[{"start":{"line":65,"column":16},"end":{"line":76,"column":32}},{"start":{"line":77,"column":16},"end":{"line":77,"column":20}}],"line":64},"2":{"loc":{"start":{"line":71,"column":37},"end":{"line":71,"column":195}},"type":"cond-expr","locations":[{"start":{"line":71,"column":66},"end":{"line":71,"column":129}},{"start":{"line":71,"column":133},"end":{"line":71,"column":195}}],"line":71},"3":{"loc":{"start":{"line":78,"column":13},"end":{"line":87,"column":20}},"type":"cond-expr","locations":[{"start":{"line":79,"column":16},"end":{"line":86,"column":32}},{"start":{"line":87,"column":16},"end":{"line":87,"column":20}}],"line":78},"4":{"loc":{"start":{"line":88,"column":13},"end":{"line":101,"column":20}},"type":"cond-expr","locations":[{"start":{"line":89,"column":16},"end":{"line":100,"column":32}},{"start":{"line":101,"column":16},"end":{"line":101,"column":20}}],"line":88},"5":{"loc":{"start":{"line":95,"column":37},"end":{"line":95,"column":195}},"type":"cond-expr","locations":[{"start":{"line":95,"column":66},"end":{"line":95,"column":129}},{"start":{"line":95,"column":133},"end":{"line":95,"column":195}}],"line":95},"6":{"loc":{"start":{"line":102,"column":13},"end":{"line":110,"column":20}},"type":"cond-expr","locations":[{"start":{"line":103,"column":16},"end":{"line":109,"column":32}},{"start":{"line":110,"column":16},"end":{"line":110,"column":20}}],"line":102},"7":{"loc":{"start":{"line":111,"column":13},"end":{"line":121,"column":20}},"type":"cond-expr","locations":[{"start":{"line":112,"column":16},"end":{"line":120,"column":32}},{"start":{"line":121,"column":16},"end":{"line":121,"column":20}}],"line":111},"8":{"loc":{"start":{"line":124,"column":21},"end":{"line":135,"column":28}},"type":"cond-expr","locations":[{"start":{"line":125,"column":24},"end":{"line":134,"column":40}},{"start":{"line":135,"column":24},"end":{"line":135,"column":28}}],"line":124}},"s":{"0":0,"1":0,"2":0,"3":0,"4":0,"5":0,"6":0,"7":0,"8":0,"9":0,"10":0,"11":0,"12":0,"13":0,"14":0,"15":0,"16":0,"17":0,"18":0,"19":0},"f":{"0":0,"1":0,"2":0,"3":0,"4":0,"5":0,"6":0,"7":0},"b":{"0":[0,0],"1":[0,0],"2":[0,0],"3":[0,0],"4":[0,0],"5":[0,0],"6":[0,0],"7":[0,0],"8":[0,0]}}
[...]
,"C:\\github\\react-native-pepperfry\\components\\Tabcard2.js": {"path":"C:\\github\\react-native-pepperfry\\components\\Tabcard2.js","statementMap":{"0":{"start":{"line":7,"column":17},"end":{"line":43,"column":1}},"1":{"start":{"line":8,"column":20},"end":{"line":15,"column":5}},"2":{"start":{"line":9,"column":8},"end":{"line":14,"column":9}},"3":{"start":{"line":10,"column":29},"end":{"line":10,"column":49}},"4":{"start":{"line":11,"column":12},"end":{"line":11,"column":35}},"5":{"start":{"line":13,"column":12},"end":{"line":13,"column":55}},"6":{"start":{"line":16,"column":4},"end":{"line":16,"column":40}},"7":{"start":{"line":16,"column":22},"end":{"line":16,"column":32}},"8":{"start":{"line":17,"column":18},"end":{"line":17,"column":37}},"9":{"start":{"line":18,"column":22},"end":{"line":18,"column":41}},"10":{"start":{"line":19,"column":16},"end":{"line":19,"column":61}},"11":{"start":{"line":19,"column":38},"end":{"line":19,"column":60}},"12":{"start":{"line":20,"column":4},"end":{"line":42,"column":5}},"13":{"start":{"line":25,"column":24},"end":{"line":37,"column":40}},"14":{"start":{"line":44,"column":24},"end":{"line":44,"column":81}},"15":{"start":{"line":44,"column":36},"end":{"line":44,"column":80}},"16":{"start":{"line":45,"column":27},"end":{"line":45,"column":43}},"17":{"start":{"line":47,"column":15},"end":{"line":87,"column":2}}},"fnMap":{"0":{"name":"(anonymous_0)","decl":{"start":{"line":7,"column":17},"end":{"line":7,"column":18}},"loc":{"start":{"line":7,"column":50},"end":{"line":43,"column":1}},"line":7},"1":{"name":"(anonymous_1)","decl":{"start":{"line":8,"column":20},"end":{"line":8,"column":21}},"loc":{"start":{"line":8,"column":32},"end":{"line":15,"column":5}},"line":8},"2":{"name":"(anonymous_2)","decl":{"start":{"line":16,"column":14},"end":{"line":16,"column":15}},"loc":{"start":{"line":16,"column":20},"end":{"line":16,"column":34}},"line":16},"3":{"name":"(anonymous_3)","decl":{"start":{"line":19,"column":33},"end":{"line":19,"column":34}},"loc":{"start":{"line":19,"column":38},"end":{"line":19,"column":60}},"line":19},"4":{"name":"(anonymous_4)","decl":{"start":{"line":24,"column":31},"end":{"line":24,"column":32}},"loc":{"start":{"line":25,"column":24},"end":{"line":37,"column":40}},"line":25},"5":{"name":"(anonymous_5)","decl":{"start":{"line":44,"column":24},"end":{"line":44,"column":25}},"loc":{"start":{"line":44,"column":36},"end":{"line":44,"column":80}},"line":44}},"branchMap":{},"s":{"0":1,"1":3,"2":3,"3":3,"4":2,"5":1,"6":3,"7":3,"8":3,"9":3,"10":3,"11":6,"12":3,"13":0,"14":1,"15":3,"16":1,"17":1},"f":{"0":3,"1":3,"2":3,"3":6,"4":0,"5":3},"b":{},"_coverageSchema":"1a1c01bbd47fc00a2c39e90264f33305004495a9","hash":"856563c3967330933d93235dd0605de758a12782"}
,"C:\\github\\react-native-pepperfry\\components\\Tabcard23infor.js": {"path":"C:\\github\\react-native-pepperfry\\components\\Tabcard23infor.js","statementMap":{"0":{"start":{"line":4,"column":23},"end":{"line":41,"column":1}},"1":{"start":{"line":5,"column":4},"end":{"line":40,"column":5}}},"fnMap":{"0":{"name":"(anonymous_0)","decl":{"start":{"line":4,"column":23},"end":{"line":4,"column":24}},"loc":{"start":{"line":4,"column":29},"end":{"line":41,"column":1}},"line":4}},"branchMap":{},"s":{"0":1,"1":0},"f":{"0":0},"b":{},"_coverageSchema":"1a1c01bbd47fc00a2c39e90264f33305004495a9","hash":"f484d8db92333079e36e241311a4fdd98be03881"}
,"C:\\github\\react-native-pepperfry\\components\\Tabcontentfooter.js": {"path":"C:\\github\\react-native-pepperfry\\components\\Tabcontentfooter.js","statementMap":{"0":{"start":{"line":4,"column":25},"end":{"line":27,"column":1}},"1":{"start":{"line":5,"column":23},"end":{"line":5,"column":47}},"2":{"start":{"line":6,"column":23},"end":{"line":12,"column":5}},"3":{"start":{"line":13,"column":4},"end":{"line":26,"column":5}},"4":{"start":{"line":17,"column":20},"end":{"line":22,"column":48}},"5":{"start":{"line":17,"column":82},"end":{"line":17,"column":117}},"6":{"start":{"line":29,"column":15},"end":{"line":63,"column":2}}},"fnMap":{"0":{"name":"(anonymous_0)","decl":{"start":{"line":4,"column":25},"end":{"line":4,"column":26}},"loc":{"start":{"line":4,"column":31},"end":{"line":27,"column":1}},"line":4},"1":{"name":"(anonymous_1)","decl":{"start":{"line":16,"column":32},"end":{"line":16,"column":33}},"loc":{"start":{"line":17,"column":20},"end":{"line":22,"column":48}},"line":17},"2":{"name":"(anonymous_2)","decl":{"start":{"line":17,"column":74},"end":{"line":17,"column":75}},"loc":{"start":{"line":17,"column":80},"end":{"line":17,"column":119}},"line":17}},"branchMap":{"0":{"loc":{"start":{"line":20,"column":65},"end":{"line":20,"column":134}},"type":"cond-expr","locations":[{"start":{"line":20,"column":81},"end":{"line":20,"column":108}},{"start":{"line":20,"column":111},"end":{"line":20,"column":134}}],"line":20}},"s":{"0":0,"1":0,"2":0,"3":0,"4":0,"5":0,"6":0},"f":{"0":0,"1":0,"2":0},"b":{"0":[0,0]}}
,"C:\\github\\react-native-pepperfry\\components\\Tabcontentlayout.js": {"path":"C:\\github\\react-native-pepperfry\\components\\Tabcontentlayout.js","statementMap":{"0":{"start":{"line":9,"column":25},"end":{"line":24,"column":1}},"1":{"start":{"line":10,"column":4},"end":{"line":23,"column":5}}},"fnMap":{"0":{"name":"(anonymous_0)","decl":{"start":{"line":9,"column":25},"end":{"line":9,"column":26}},"loc":{"start":{"line":9,"column":31},"end":{"line":24,"column":1}},"line":9}},"branchMap":{},"s":{"0":0,"1":0},"f":{"0":0},"b":{}}
,"C:\\github\\react-native-pepperfry\\components\\Tabdynamiccard3.js": {"path":"C:\\github\\react-native-pepperfry\\components\\Tabdynamiccard3.js","statementMap":{"0":{"start":{"line":8,"column":24},"end":{"line":54,"column":1}},"1":{"start":{"line":9,"column":20},"end":{"line":16,"column":5}},"2":{"start":{"line":10,"column":8},"end":{"line":15,"column":9}},"3":{"start":{"line":11,"column":29},"end":{"line":11,"column":49}},"4":{"start":{"line":12,"column":12},"end":{"line":12,"column":35}},"5":{"start":{"line":14,"column":12},"end":{"line":14,"column":55}},"6":{"start":{"line":17,"column":4},"end":{"line":17,"column":40}},"7":{"start":{"line":17,"column":22},"end":{"line":17,"column":32}},"8":{"start":{"line":18,"column":18},"end":{"line":18,"column":37}},"9":{"start":{"line":19,"column":22},"end":{"line":19,"column":41}},"10":{"start":{"line":20,"column":16},"end":{"line":20,"column":61}},"11":{"start":{"line":20,"column":38},"end":{"line":20,"column":60}},"12":{"start":{"line":21,"column":23},"end":{"line":21,"column":47}},"13":{"start":{"line":22,"column":28},"end":{"line":30,"column":5}},"14":{"start":{"line":23,"column":36},"end":{"line":23,"column":61}},"15":{"start":{"line":24,"column":8},"end":{"line":29,"column":9}},"16":{"start":{"line":25,"column":12},"end":{"line":25,"column":77}},"17":{"start":{"line":26,"column":12},"end":{"line":26,"column":115}},"18":{"start":{"line":28,"column":12},"end":{"line":28,"column":56}},"19":{"start":{"line":31,"column":4},"end":{"line":53,"column":5}},"20":{"start":{"line":35,"column":20},"end":{"line":49,"column":36}},"21":{"start":{"line":36,"column":84},"end":{"line":36,"column":116}},"22":{"start":{"line":55,"column":24},"end":{"line":55,"column":81}},"23":{"start":{"line":55,"column":36},"end":{"line":55,"column":80}},"24":{"start":{"line":56,"column":27},"end":{"line":56,"column":44}},"25":{"start":{"line":58,"column":15},"end":{"line":98,"column":2}}},"fnMap":{"0":{"name":"(anonymous_0)","decl":{"start":{"line":8,"column":24},"end":{"line":8,"column":25}},"loc":{"start":{"line":8,"column":58},"end":{"line":54,"column":1}},"line":8},"1":{"name":"(anonymous_1)","decl":{"start":{"line":9,"column":20},"end":{"line":9,"column":21}},"loc":{"start":{"line":9,"column":32},"end":{"line":16,"column":5}},"line":9},"2":{"name":"(anonymous_2)","decl":{"start":{"line":17,"column":14},"end":{"line":17,"column":15}},"loc":{"start":{"line":17,"column":20},"end":{"line":17,"column":34}},"line":17},"3":{"name":"(anonymous_3)","decl":{"start":{"line":20,"column":33},"end":{"line":20,"column":34}},"loc":{"start":{"line":20,"column":38},"end":{"line":20,"column":60}},"line":20},"4":{"name":"(anonymous_4)","decl":{"start":{"line":22,"column":28},"end":{"line":22,"column":29}},"loc":{"start":{"line":22,"column":49},"end":{"line":30,"column":5}},"line":22},"5":{"name":"(anonymous_5)","decl":{"start":{"line":34,"column":27},"end":{"line":34,"column":28}},"loc":{"start":{"line":35,"column":20},"end":{"line":49,"column":36}},"line":35},"6":{"name":"(anonymous_6)","decl":{"start":{"line":36,"column":78},"end":{"line":36,"column":79}},"loc":{"start":{"line":36,"column":84},"end":{"line":36,"column":116}},"line":36},"7":{"name":"(anonymous_7)","decl":{"start":{"line":55,"column":24},"end":{"line":55,"column":25}},"loc":{"start":{"line":55,"column":36},"end":{"line":55,"column":80}},"line":55}},"branchMap":{},"s":{"0":0,"1":0,"2":0,"3":0,"4":0,"5":0,"6":0,"7":0,"8":0,"9":0,"10":0,"11":0,"12":0,"13":0,"14":0,"15":0,"16":0,"17":0,"18":0,"19":0,"20":0,"21":0,"22":0,"23":0,"24":0,"25":0},"f":{"0":0,"1":0,"2":0,"3":0,"4":0,"5":0,"6":0,"7":0},"b":{}}
,"C:\\github\\react-native-pepperfry\\components\\Tabslider.js": {"path":"C:\\github\\react-native-pepperfry\\components\\Tabslider.js","statementMap":{"0":{"start":{"line":7,"column":18},"end":{"line":40,"column":1}},"1":{"start":{"line":8,"column":20},"end":{"line":15,"column":5}},"2":{"start":{"line":9,"column":8},"end":{"line":14,"column":9}},"3":{"start":{"line":10,"column":29},"end":{"line":10,"column":50}},"4":{"start":{"line":11,"column":12},"end":{"line":11,"column":36}},"5":{"start":{"line":13,"column":12},"end":{"line":13,"column":55}},"6":{"start":{"line":16,"column":4},"end":{"line":16,"column":40}},"7":{"start":{"line":16,"column":22},"end":{"line":16,"column":32}},"8":{"start":{"line":17,"column":18},"end":{"line":17,"column":28}},"9":{"start":{"line":18,"column":22},"end":{"line":18,"column":41}},"10":{"start":{"line":19,"column":16},"end":{"line":19,"column":61}},"11":{"start":{"line":19,"column":39},"end":{"line":19,"column":60}},"12":{"start":{"line":20,"column":4},"end":{"line":39,"column":5}},"13":{"start":{"line":25,"column":20},"end":{"line":35,"column":21}},"14":{"start":{"line":41,"column":24},"end":{"line":41,"column":84}},"15":{"start":{"line":41,"column":36},"end":{"line":41,"column":83}},"16":{"start":{"line":42,"column":27},"end":{"line":42,"column":44}},"17":{"start":{"line":44,"column":22},"end":{"line":59,"column":2}}},"fnMap":{"0":{"name":"(anonymous_0)","decl":{"start":{"line":7,"column":18},"end":{"line":7,"column":19}},"loc":{"start":{"line":7,"column":54},"end":{"line":40,"column":1}},"line":7},"1":{"name":"(anonymous_1)","decl":{"start":{"line":8,"column":20},"end":{"line":8,"column":21}},"loc":{"start":{"line":8,"column":32},"end":{"line":15,"column":5}},"line":8},"2":{"name":"(anonymous_2)","decl":{"start":{"line":16,"column":14},"end":{"line":16,"column":15}},"loc":{"start":{"line":16,"column":20},"end":{"line":16,"column":34}},"line":16},"3":{"name":"(anonymous_3)","decl":{"start":{"line":19,"column":34},"end":{"line":19,"column":35}},"loc":{"start":{"line":19,"column":39},"end":{"line":19,"column":60}},"line":19},"4":{"name":"(anonymous_4)","decl":{"start":{"line":24,"column":28},"end":{"line":24,"column":29}},"loc":{"start":{"line":24,"column":42},"end":{"line":36,"column":17}},"line":24},"5":{"name":"(anonymous_5)","decl":{"start":{"line":41,"column":24},"end":{"line":41,"column":25}},"loc":{"start":{"line":41,"column":36},"end":{"line":41,"column":83}},"line":41}},"branchMap":{"0":{"loc":{"start":{"line":31,"column":95},"end":{"line":31,"column":137}},"type":"cond-expr","locations":[{"start":{"line":31,"column":118},"end":{"line":31,"column":127}},{"start":{"line":31,"column":130},"end":{"line":31,"column":137}}],"line":31},"1":{"loc":{"start":{"line":32,"column":95},"end":{"line":32,"column":137}},"type":"cond-expr","locations":[{"start":{"line":32,"column":118},"end":{"line":32,"column":127}},{"start":{"line":32,"column":130},"end":{"line":32,"column":137}}],"line":32}},"s":{"0":1,"1":4,"2":4,"3":4,"4":3,"5":1,"6":4,"7":4,"8":4,"9":4,"10":4,"11":8,"12":4,"13":2,"14":1,"15":4,"16":1,"17":1},"f":{"0":4,"1":4,"2":4,"3":8,"4":2,"5":4},"b":{"0":[1,1],"1":[1,1]},"_coverageSchema":"1a1c01bbd47fc00a2c39e90264f33305004495a9","hash":"a241f6a6361153de82b31863b9538b7c94414560"}
,"C:\\github\\react-native-pepperfry\\components\\Tabsubnavbar.js": {"path":"C:\\github\\react-native-pepperfry\\components\\Tabsubnavbar.js","statementMap":{"0":{"start":{"line":4,"column":21},"end":{"line":20,"column":1}},"1":{"start":{"line":5,"column":4},"end":{"line":19,"column":5}},"2":{"start":{"line":22,"column":15},"end":{"line":52,"column":2}}},"fnMap":{"0":{"name":"(anonymous_0)","decl":{"start":{"line":4,"column":21},"end":{"line":4,"column":22}},"loc":{"start":{"line":4,"column":27},"end":{"line":20,"column":1}},"line":4}},"branchMap":{},"s":{"0":0,"1":0,"2":0},"f":{"0":0},"b":{}}
,"C:\\github\\react-native-pepperfry\\pages\\Aboutus.js": {"path":"C:\\github\\react-native-pepperfry\\pages\\Aboutus.js","statementMap":{"0":{"start":{"line":4,"column":16},"end":{"line":13,"column":1}},"1":{"start":{"line":5,"column":4},"end":{"line":12,"column":5}},"2":{"start":{"line":15,"column":15},"end":{"line":15,"column":94}}},"fnMap":{"0":{"name":"(anonymous_0)","decl":{"start":{"line":4,"column":16},"end":{"line":4,"column":17}},"loc":{"start":{"line":4,"column":22},"end":{"line":13,"column":1}},"line":4}},"branchMap":{},"s":{"0":0,"1":0,"2":0},"f":{"0":0},"b":{}}
,"C:\\github\\react-native-pepperfry\\pages\\Categories.js": {"path":"C:\\github\\react-native-pepperfry\\pages\\Categories.js","statementMap":{"0":{"start":{"line":5,"column":19},"end":{"line":14,"column":1}},"1":{"start":{"line":6,"column":4},"end":{"line":13,"column":5}},"2":{"start":{"line":16,"column":15},"end":{"line":16,"column":96}}},"fnMap":{"0":{"name":"(anonymous_0)","decl":{"start":{"line":5,"column":19},"end":{"line":5,"column":20}},"loc":{"start":{"line":5,"column":25},"end":{"line":14,"column":1}},"line":5}},"branchMap":{},"s":{"0":0,"1":0,"2":0},"f":{"0":0},"b":{}}
,"C:\\github\\react-native-pepperfry\\pages\\Giftcard.js": {"path":"C:\\github\\react-native-pepperfry\\pages\\Giftcard.js","statementMap":{"0":{"start":{"line":5,"column":17},"end":{"line":15,"column":1}},"1":{"start":{"line":6,"column":4},"end":{"line":14,"column":5}},"2":{"start":{"line":18,"column":15},"end":{"line":18,"column":71}}},"fnMap":{"0":{"name":"(anonymous_0)","decl":{"start":{"line":5,"column":17},"end":{"line":5,"column":18}},"loc":{"start":{"line":5,"column":23},"end":{"line":15,"column":1}},"line":5}},"branchMap":{},"s":{"0":0,"1":0,"2":0},"f":{"0":0},"b":{}}
,"C:\\github\\react-native-pepperfry\\pages\\Home.js": {"path":"C:\\github\\react-native-pepperfry\\pages\\Home.js","statementMap":{"0":{"start":{"line":16,"column":13},"end":{"line":41,"column":1}},"1":{"start":{"line":17,"column":4},"end":{"line":40,"column":5}},"2":{"start":{"line":43,"column":15},"end":{"line":43,"column":71}}},"fnMap":{"0":{"name":"(anonymous_0)","decl":{"start":{"line":16,"column":13},"end":{"line":16,"column":14}},"loc":{"start":{"line":16,"column":19},"end":{"line":41,"column":1}},"line":16}},"branchMap":{},"s":{"0":0,"1":0,"2":0},"f":{"0":0},"b":{}}
,"C:\\github\\react-native-pepperfry\\pages\\Myaccount.js": {"path":"C:\\github\\react-native-pepperfry\\pages\\Myaccount.js","statementMap":{"0":{"start":{"line":6,"column":18},"end":{"line":12,"column":1}},"1":{"start":{"line":7,"column":4},"end":{"line":11,"column":5}},"2":{"start":{"line":14,"column":24},"end":{"line":14,"column":72}},"3":{"start":{"line":14,"column":36},"end":{"line":14,"column":71}}},"fnMap":{"0":{"name":"(anonymous_0)","decl":{"start":{"line":6,"column":18},"end":{"line":6,"column":19}},"loc":{"start":{"line":6,"column":33},"end":{"line":12,"column":1}},"line":6},"1":{"name":"(anonymous_1)","decl":{"start":{"line":14,"column":24},"end":{"line":14,"column":25}},"loc":{"start":{"line":14,"column":36},"end":{"line":14,"column":71}},"line":14}},"branchMap":{"0":{"loc":{"start":{"line":9,"column":13},"end":{"line":9,"column":66}},"type":"cond-expr","locations":[{"start":{"line":9,"column":22},"end":{"line":9,"column":41}},{"start":{"line":9,"column":46},"end":{"line":9,"column":65}}],"line":9}},"s":{"0":0,"1":0,"2":0,"3":0},"f":{"0":0,"1":0},"b":{"0":[0,0]}}
,"C:\\github\\react-native-pepperfry\\pages\\Products.js": {"path":"C:\\github\\react-native-pepperfry\\pages\\Products.js","statementMap":{"0":{"start":{"line":7,"column":17},"end":{"line":15,"column":1}},"1":{"start":{"line":8,"column":4},"end":{"line":14,"column":5}}},"fnMap":{"0":{"name":"(anonymous_0)","decl":{"start":{"line":7,"column":17},"end":{"line":7,"column":18}},"loc":{"start":{"line":7,"column":23},"end":{"line":15,"column":1}},"line":7}},"branchMap":{},"s":{"0":0,"1":0},"f":{"0":0},"b":{}}
,"C:\\github\\react-native-pepperfry\\pages\\Store.js": {"path":"C:\\github\\react-native-pepperfry\\pages\\Store.js","statementMap":{"0":{"start":{"line":2,"column":14},"end":{"line":6,"column":1}},"1":{"start":{"line":3,"column":4},"end":{"line":5,"column":5}}},"fnMap":{"0":{"name":"(anonymous_0)","decl":{"start":{"line":2,"column":14},"end":{"line":2,"column":15}},"loc":{"start":{"line":2,"column":20},"end":{"line":6,"column":1}},"line":2}},"branchMap":{},"s":{"0":0,"1":0},"f":{"0":0},"b":{}}
,"C:\\github\\react-native-pepperfry\\pages\\Tabcontent.js": {"path":"C:\\github\\react-native-pepperfry\\pages\\Tabcontent.js","statementMap":{"0":{"start":{"line":6,"column":19},"end":{"line":21,"column":1}},"1":{"start":{"line":7,"column":18},"end":{"line":7,"column":37}},"2":{"start":{"line":8,"column":23},"end":{"line":8,"column":47}},"3":{"start":{"line":10,"column":4},"end":{"line":13,"column":10}},"4":{"start":{"line":11,"column":26},"end":{"line":11,"column":45}},"5":{"start":{"line":12,"column":8},"end":{"line":12,"column":77}},"6":{"start":{"line":15,"column":4},"end":{"line":20,"column":5}}},"fnMap":{"0":{"name":"(anonymous_0)","decl":{"start":{"line":6,"column":19},"end":{"line":6,"column":20}},"loc":{"start":{"line":6,"column":25},"end":{"line":21,"column":1}},"line":6},"1":{"name":"(anonymous_1)","decl":{"start":{"line":10,"column":14},"end":{"line":10,"column":15}},"loc":{"start":{"line":10,"column":20},"end":{"line":13,"column":5}},"line":10}},"branchMap":{},"s":{"0":0,"1":0,"2":0,"3":0,"4":0,"5":0,"6":0},"f":{"0":0,"1":0},"b":{}}
}
